-------------------------- 
30/11/2020 周一 21:07:51.61 
-------------------------- 
2020-11-30 21:07:54,001 main ERROR RollingFileManager (logs\cc.log) java.io.FileNotFoundException: logs\cc.log (另一个程序正在使用此文件，进程无法访问。) java.io.FileNotFoundException: logs\cc.log (另一个程序正在使用此文件，进程无法访问。)
	at java.base/java.io.FileOutputStream.open0(Native Method)
	at java.base/java.io.FileOutputStream.open(FileOutputStream.java:298)
	at java.base/java.io.FileOutputStream.<init>(FileOutputStream.java:237)
	at java.base/java.io.FileOutputStream.<init>(FileOutputStream.java:158)
	at org.apache.logging.log4j.core.appender.rolling.RollingFileManager$RollingFileManagerFactory.createManager(RollingFileManager.java:640)
	at org.apache.logging.log4j.core.appender.rolling.RollingFileManager$RollingFileManagerFactory.createManager(RollingFileManager.java:608)
	at org.apache.logging.log4j.core.appender.AbstractManager.getManager(AbstractManager.java:113)
	at org.apache.logging.log4j.core.appender.OutputStreamManager.getManager(OutputStreamManager.java:114)
	at org.apache.logging.log4j.core.appender.rolling.RollingFileManager.getFileManager(RollingFileManager.java:188)
	at org.apache.logging.log4j.core.appender.RollingFileAppender$Builder.build(RollingFileAppender.java:145)
	at org.apache.logging.log4j.core.appender.RollingFileAppender$Builder.build(RollingFileAppender.java:61)
	at org.apache.logging.log4j.core.config.plugins.util.PluginBuilder.build(PluginBuilder.java:123)
	at org.apache.logging.log4j.core.config.AbstractConfiguration.createPluginObject(AbstractConfiguration.java:959)
	at org.apache.logging.log4j.core.config.AbstractConfiguration.createConfiguration(AbstractConfiguration.java:899)
	at org.apache.logging.log4j.core.config.AbstractConfiguration.createConfiguration(AbstractConfiguration.java:891)
	at org.apache.logging.log4j.core.config.AbstractConfiguration.doConfigure(AbstractConfiguration.java:514)
	at org.apache.logging.log4j.core.config.AbstractConfiguration.initialize(AbstractConfiguration.java:238)
	at org.apache.logging.log4j.core.config.builder.impl.DefaultConfigurationBuilder.build(DefaultConfigurationBuilder.java:204)
	at org.apache.logging.log4j.core.config.builder.impl.DefaultConfigurationBuilder.build(DefaultConfigurationBuilder.java:161)
	at org.apache.logging.log4j.core.config.builder.impl.DefaultConfigurationBuilder.build(DefaultConfigurationBuilder.java:57)
	at org.apache.hyracks.control.cc.CCLogConfigurationFactory.createConfiguration(CCLogConfigurationFactory.java:71)
	at org.apache.hyracks.control.cc.CCLogConfigurationFactory.getConfiguration(CCLogConfigurationFactory.java:83)
	at org.apache.hyracks.control.cc.CCLogConfigurationFactory.getConfiguration(CCLogConfigurationFactory.java:76)
	at org.apache.hyracks.control.cc.CCDriver.main(CCDriver.java:57)
	at java.base/jdk.internal.reflect.NativeMethodAccessorImpl.invoke0(Native Method)
	at java.base/jdk.internal.reflect.NativeMethodAccessorImpl.invoke(NativeMethodAccessorImpl.java:62)
	at java.base/jdk.internal.reflect.DelegatingMethodAccessorImpl.invoke(DelegatingMethodAccessorImpl.java:43)
	at java.base/java.lang.reflect.Method.invoke(Method.java:566)
	at org.codehaus.mojo.appassembler.booter.AppassemblerBooter.executeMain(AppassemblerBooter.java:238)
	at org.codehaus.mojo.appassembler.booter.AppassemblerBooter.main(AppassemblerBooter.java:70)

2020-11-30 21:07:54,009 main ERROR Could not create plugin of type class org.apache.logging.log4j.core.appender.RollingFileAppender for element RollingFile: java.lang.IllegalStateException: ManagerFactory [org.apache.logging.log4j.core.appender.rolling.RollingFileManager$RollingFileManagerFactory@12bd8a64] unable to create manager for [logs\cc.log] with data [org.apache.logging.log4j.core.appender.rolling.RollingFileManager$FactoryData@61e94def[pattern=logs\cc-%d{MM-dd-yy}.log.gz, append=true, bufferedIO=true, bufferSize=8192, policy=CompositeTriggeringPolicy(policies=[CronTriggeringPolicy(schedule=0 0 0 * * ?), SizeBasedTriggeringPolicy(size=52428800)]), strategy=DefaultRolloverStrategy(min=1, max=7, useMax=true), advertiseURI=null, layout=%d{HH:mm:ss.SSS} [%t] %-5level %logger{36} - %msg%n, filePermissions=null, fileOwner=null]] java.lang.IllegalStateException: ManagerFactory [org.apache.logging.log4j.core.appender.rolling.RollingFileManager$RollingFileManagerFactory@12bd8a64] unable to create manager for [logs\cc.log] with data [org.apache.logging.log4j.core.appender.rolling.RollingFileManager$FactoryData@61e94def[pattern=logs\cc-%d{MM-dd-yy}.log.gz, append=true, bufferedIO=true, bufferSize=8192, policy=CompositeTriggeringPolicy(policies=[CronTriggeringPolicy(schedule=0 0 0 * * ?), SizeBasedTriggeringPolicy(size=52428800)]), strategy=DefaultRolloverStrategy(min=1, max=7, useMax=true), advertiseURI=null, layout=%d{HH:mm:ss.SSS} [%t] %-5level %logger{36} - %msg%n, filePermissions=null, fileOwner=null]]
	at org.apache.logging.log4j.core.appender.AbstractManager.getManager(AbstractManager.java:115)
	at org.apache.logging.log4j.core.appender.OutputStreamManager.getManager(OutputStreamManager.java:114)
	at org.apache.logging.log4j.core.appender.rolling.RollingFileManager.getFileManager(RollingFileManager.java:188)
	at org.apache.logging.log4j.core.appender.RollingFileAppender$Builder.build(RollingFileAppender.java:145)
	at org.apache.logging.log4j.core.appender.RollingFileAppender$Builder.build(RollingFileAppender.java:61)
	at org.apache.logging.log4j.core.config.plugins.util.PluginBuilder.build(PluginBuilder.java:123)
	at org.apache.logging.log4j.core.config.AbstractConfiguration.createPluginObject(AbstractConfiguration.java:959)
	at org.apache.logging.log4j.core.config.AbstractConfiguration.createConfiguration(AbstractConfiguration.java:899)
	at org.apache.logging.log4j.core.config.AbstractConfiguration.createConfiguration(AbstractConfiguration.java:891)
	at org.apache.logging.log4j.core.config.AbstractConfiguration.doConfigure(AbstractConfiguration.java:514)
	at org.apache.logging.log4j.core.config.AbstractConfiguration.initialize(AbstractConfiguration.java:238)
	at org.apache.logging.log4j.core.config.builder.impl.DefaultConfigurationBuilder.build(DefaultConfigurationBuilder.java:204)
	at org.apache.logging.log4j.core.config.builder.impl.DefaultConfigurationBuilder.build(DefaultConfigurationBuilder.java:161)
	at org.apache.logging.log4j.core.config.builder.impl.DefaultConfigurationBuilder.build(DefaultConfigurationBuilder.java:57)
	at org.apache.hyracks.control.cc.CCLogConfigurationFactory.createConfiguration(CCLogConfigurationFactory.java:71)
	at org.apache.hyracks.control.cc.CCLogConfigurationFactory.getConfiguration(CCLogConfigurationFactory.java:83)
	at org.apache.hyracks.control.cc.CCLogConfigurationFactory.getConfiguration(CCLogConfigurationFactory.java:76)
	at org.apache.hyracks.control.cc.CCDriver.main(CCDriver.java:57)
	at java.base/jdk.internal.reflect.NativeMethodAccessorImpl.invoke0(Native Method)
	at java.base/jdk.internal.reflect.NativeMethodAccessorImpl.invoke(NativeMethodAccessorImpl.java:62)
	at java.base/jdk.internal.reflect.DelegatingMethodAccessorImpl.invoke(DelegatingMethodAccessorImpl.java:43)
	at java.base/java.lang.reflect.Method.invoke(Method.java:566)
	at org.codehaus.mojo.appassembler.booter.AppassemblerBooter.executeMain(AppassemblerBooter.java:238)
	at org.codehaus.mojo.appassembler.booter.AppassemblerBooter.main(AppassemblerBooter.java:70)

2020-11-30 21:07:54,010 main ERROR Unable to invoke factory method in class org.apache.logging.log4j.core.appender.RollingFileAppender for element RollingFile: java.lang.IllegalStateException: No factory method found for class org.apache.logging.log4j.core.appender.RollingFileAppender java.lang.IllegalStateException: No factory method found for class org.apache.logging.log4j.core.appender.RollingFileAppender
	at org.apache.logging.log4j.core.config.plugins.util.PluginBuilder.findFactoryMethod(PluginBuilder.java:235)
	at org.apache.logging.log4j.core.config.plugins.util.PluginBuilder.build(PluginBuilder.java:135)
	at org.apache.logging.log4j.core.config.AbstractConfiguration.createPluginObject(AbstractConfiguration.java:959)
	at org.apache.logging.log4j.core.config.AbstractConfiguration.createConfiguration(AbstractConfiguration.java:899)
	at org.apache.logging.log4j.core.config.AbstractConfiguration.createConfiguration(AbstractConfiguration.java:891)
	at org.apache.logging.log4j.core.config.AbstractConfiguration.doConfigure(AbstractConfiguration.java:514)
	at org.apache.logging.log4j.core.config.AbstractConfiguration.initialize(AbstractConfiguration.java:238)
	at org.apache.logging.log4j.core.config.builder.impl.DefaultConfigurationBuilder.build(DefaultConfigurationBuilder.java:204)
	at org.apache.logging.log4j.core.config.builder.impl.DefaultConfigurationBuilder.build(DefaultConfigurationBuilder.java:161)
	at org.apache.logging.log4j.core.config.builder.impl.DefaultConfigurationBuilder.build(DefaultConfigurationBuilder.java:57)
	at org.apache.hyracks.control.cc.CCLogConfigurationFactory.createConfiguration(CCLogConfigurationFactory.java:71)
	at org.apache.hyracks.control.cc.CCLogConfigurationFactory.getConfiguration(CCLogConfigurationFactory.java:83)
	at org.apache.hyracks.control.cc.CCLogConfigurationFactory.getConfiguration(CCLogConfigurationFactory.java:76)
	at org.apache.hyracks.control.cc.CCDriver.main(CCDriver.java:57)
	at java.base/jdk.internal.reflect.NativeMethodAccessorImpl.invoke0(Native Method)
	at java.base/jdk.internal.reflect.NativeMethodAccessorImpl.invoke(NativeMethodAccessorImpl.java:62)
	at java.base/jdk.internal.reflect.DelegatingMethodAccessorImpl.invoke(DelegatingMethodAccessorImpl.java:43)
	at java.base/java.lang.reflect.Method.invoke(Method.java:566)
	at org.codehaus.mojo.appassembler.booter.AppassemblerBooter.executeMain(AppassemblerBooter.java:238)
	at org.codehaus.mojo.appassembler.booter.AppassemblerBooter.main(AppassemblerBooter.java:70)

2020-11-30 21:07:54,032 main ERROR Null object returned for RollingFile in Appenders.
2020-11-30 21:07:54,033 main ERROR Unable to locate appender "default" for logger config "root"
log4j:WARN No appenders could be found for logger (io.netty.util.internal.logging.InternalLoggerFactory).
log4j:WARN Please initialize the log4j system properly.
log4j:WARN See http://logging.apache.org/log4j/1.2/faq.html#noconfig for more info.
2020-11-30 21:07:55,764 main ERROR RollingFileManager (logs\cc.log) java.io.FileNotFoundException: logs\cc.log (另一个程序正在使用此文件，进程无法访问。) java.io.FileNotFoundException: logs\cc.log (另一个程序正在使用此文件，进程无法访问。)
	at java.base/java.io.FileOutputStream.open0(Native Method)
	at java.base/java.io.FileOutputStream.open(FileOutputStream.java:298)
	at java.base/java.io.FileOutputStream.<init>(FileOutputStream.java:237)
	at java.base/java.io.FileOutputStream.<init>(FileOutputStream.java:158)
	at org.apache.logging.log4j.core.appender.rolling.RollingFileManager$RollingFileManagerFactory.createManager(RollingFileManager.java:640)
	at org.apache.logging.log4j.core.appender.rolling.RollingFileManager$RollingFileManagerFactory.createManager(RollingFileManager.java:608)
	at org.apache.logging.log4j.core.appender.AbstractManager.getManager(AbstractManager.java:113)
	at org.apache.logging.log4j.core.appender.OutputStreamManager.getManager(OutputStreamManager.java:114)
	at org.apache.logging.log4j.core.appender.rolling.RollingFileManager.getFileManager(RollingFileManager.java:188)
	at org.apache.logging.log4j.core.appender.RollingFileAppender$Builder.build(RollingFileAppender.java:145)
	at org.apache.logging.log4j.core.appender.RollingFileAppender$Builder.build(RollingFileAppender.java:61)
	at org.apache.logging.log4j.core.config.plugins.util.PluginBuilder.build(PluginBuilder.java:123)
	at org.apache.logging.log4j.core.config.AbstractConfiguration.createPluginObject(AbstractConfiguration.java:959)
	at org.apache.logging.log4j.core.config.AbstractConfiguration.createConfiguration(AbstractConfiguration.java:899)
	at org.apache.logging.log4j.core.config.AbstractConfiguration.createConfiguration(AbstractConfiguration.java:891)
	at org.apache.logging.log4j.core.config.AbstractConfiguration.doConfigure(AbstractConfiguration.java:514)
	at org.apache.logging.log4j.core.config.AbstractConfiguration.initialize(AbstractConfiguration.java:238)
	at org.apache.logging.log4j.core.config.builder.impl.DefaultConfigurationBuilder.build(DefaultConfigurationBuilder.java:204)
	at org.apache.logging.log4j.core.config.builder.impl.DefaultConfigurationBuilder.build(DefaultConfigurationBuilder.java:161)
	at org.apache.logging.log4j.core.config.builder.impl.DefaultConfigurationBuilder.build(DefaultConfigurationBuilder.java:57)
	at org.apache.hyracks.control.cc.CCLogConfigurationFactory.createConfiguration(CCLogConfigurationFactory.java:71)
	at org.apache.hyracks.control.cc.CCLogConfigurationFactory.getConfiguration(CCLogConfigurationFactory.java:83)
	at org.apache.logging.log4j.core.config.ConfigurationFactory.getConfiguration(ConfigurationFactory.java:260)
	at org.apache.logging.log4j.core.LoggerContext.reconfigure(LoggerContext.java:615)
	at org.apache.logging.log4j.core.LoggerContext.reconfigure(LoggerContext.java:636)
	at org.apache.logging.log4j.core.LoggerContext.start(LoggerContext.java:231)
	at org.apache.logging.log4j.core.impl.Log4jContextFactory.getContext(Log4jContextFactory.java:153)
	at org.apache.logging.log4j.core.impl.Log4jContextFactory.getContext(Log4jContextFactory.java:45)
	at org.apache.logging.log4j.LogManager.getContext(LogManager.java:155)
	at org.apache.logging.log4j.core.LoggerContext.getContext(LoggerContext.java:171)
	at org.apache.hyracks.util.LoggingConfigUtil.defaultIfMissing(LoggingConfigUtil.java:37)
	at org.apache.hyracks.control.cc.BaseCCApplication.configureLoggingLevel(BaseCCApplication.java:87)
	at org.apache.asterix.hyracks.bootstrap.CCApplication.configureLoggingLevel(CCApplication.java:200)
	at org.apache.asterix.hyracks.bootstrap.CCApplication.start(CCApplication.java:137)
	at org.apache.hyracks.control.cc.ClusterControllerService.startApplication(ClusterControllerService.java:235)
	at org.apache.hyracks.control.cc.ClusterControllerService.start(ClusterControllerService.java:221)
	at org.apache.hyracks.control.cc.CCDriver.main(CCDriver.java:59)
	at java.base/jdk.internal.reflect.NativeMethodAccessorImpl.invoke0(Native Method)
	at java.base/jdk.internal.reflect.NativeMethodAccessorImpl.invoke(NativeMethodAccessorImpl.java:62)
	at java.base/jdk.internal.reflect.DelegatingMethodAccessorImpl.invoke(DelegatingMethodAccessorImpl.java:43)
	at java.base/java.lang.reflect.Method.invoke(Method.java:566)
	at org.codehaus.mojo.appassembler.booter.AppassemblerBooter.executeMain(AppassemblerBooter.java:238)
	at org.codehaus.mojo.appassembler.booter.AppassemblerBooter.main(AppassemblerBooter.java:70)

2020-11-30 21:07:55,767 main ERROR Could not create plugin of type class org.apache.logging.log4j.core.appender.RollingFileAppender for element RollingFile: java.lang.IllegalStateException: ManagerFactory [org.apache.logging.log4j.core.appender.rolling.RollingFileManager$RollingFileManagerFactory@12bd8a64] unable to create manager for [logs\cc.log] with data [org.apache.logging.log4j.core.appender.rolling.RollingFileManager$FactoryData@4f449e8f[pattern=logs\cc-%d{MM-dd-yy}.log.gz, append=true, bufferedIO=true, bufferSize=8192, policy=CompositeTriggeringPolicy(policies=[CronTriggeringPolicy(schedule=0 0 0 * * ?), SizeBasedTriggeringPolicy(size=52428800)]), strategy=DefaultRolloverStrategy(min=1, max=7, useMax=true), advertiseURI=null, layout=%d{HH:mm:ss.SSS} [%t] %-5level %logger{36} - %msg%n, filePermissions=null, fileOwner=null]] java.lang.IllegalStateException: ManagerFactory [org.apache.logging.log4j.core.appender.rolling.RollingFileManager$RollingFileManagerFactory@12bd8a64] unable to create manager for [logs\cc.log] with data [org.apache.logging.log4j.core.appender.rolling.RollingFileManager$FactoryData@4f449e8f[pattern=logs\cc-%d{MM-dd-yy}.log.gz, append=true, bufferedIO=true, bufferSize=8192, policy=CompositeTriggeringPolicy(policies=[CronTriggeringPolicy(schedule=0 0 0 * * ?), SizeBasedTriggeringPolicy(size=52428800)]), strategy=DefaultRolloverStrategy(min=1, max=7, useMax=true), advertiseURI=null, layout=%d{HH:mm:ss.SSS} [%t] %-5level %logger{36} - %msg%n, filePermissions=null, fileOwner=null]]
	at org.apache.logging.log4j.core.appender.AbstractManager.getManager(AbstractManager.java:115)
	at org.apache.logging.log4j.core.appender.OutputStreamManager.getManager(OutputStreamManager.java:114)
	at org.apache.logging.log4j.core.appender.rolling.RollingFileManager.getFileManager(RollingFileManager.java:188)
	at org.apache.logging.log4j.core.appender.RollingFileAppender$Builder.build(RollingFileAppender.java:145)
	at org.apache.logging.log4j.core.appender.RollingFileAppender$Builder.build(RollingFileAppender.java:61)
	at org.apache.logging.log4j.core.config.plugins.util.PluginBuilder.build(PluginBuilder.java:123)
	at org.apache.logging.log4j.core.config.AbstractConfiguration.createPluginObject(AbstractConfiguration.java:959)
	at org.apache.logging.log4j.core.config.AbstractConfiguration.createConfiguration(AbstractConfiguration.java:899)
	at org.apache.logging.log4j.core.config.AbstractConfiguration.createConfiguration(AbstractConfiguration.java:891)
	at org.apache.logging.log4j.core.config.AbstractConfiguration.doConfigure(AbstractConfiguration.java:514)
	at org.apache.logging.log4j.core.config.AbstractConfiguration.initialize(AbstractConfiguration.java:238)
	at org.apache.logging.log4j.core.config.builder.impl.DefaultConfigurationBuilder.build(DefaultConfigurationBuilder.java:204)
	at org.apache.logging.log4j.core.config.builder.impl.DefaultConfigurationBuilder.build(DefaultConfigurationBuilder.java:161)
	at org.apache.logging.log4j.core.config.builder.impl.DefaultConfigurationBuilder.build(DefaultConfigurationBuilder.java:57)
	at org.apache.hyracks.control.cc.CCLogConfigurationFactory.createConfiguration(CCLogConfigurationFactory.java:71)
	at org.apache.hyracks.control.cc.CCLogConfigurationFactory.getConfiguration(CCLogConfigurationFactory.java:83)
	at org.apache.logging.log4j.core.config.ConfigurationFactory.getConfiguration(ConfigurationFactory.java:260)
	at org.apache.logging.log4j.core.LoggerContext.reconfigure(LoggerContext.java:615)
	at org.apache.logging.log4j.core.LoggerContext.reconfigure(LoggerContext.java:636)
	at org.apache.logging.log4j.core.LoggerContext.start(LoggerContext.java:231)
	at org.apache.logging.log4j.core.impl.Log4jContextFactory.getContext(Log4jContextFactory.java:153)
	at org.apache.logging.log4j.core.impl.Log4jContextFactory.getContext(Log4jContextFactory.java:45)
	at org.apache.logging.log4j.LogManager.getContext(LogManager.java:155)
	at org.apache.logging.log4j.core.LoggerContext.getContext(LoggerContext.java:171)
	at org.apache.hyracks.util.LoggingConfigUtil.defaultIfMissing(LoggingConfigUtil.java:37)
	at org.apache.hyracks.control.cc.BaseCCApplication.configureLoggingLevel(BaseCCApplication.java:87)
	at org.apache.asterix.hyracks.bootstrap.CCApplication.configureLoggingLevel(CCApplication.java:200)
	at org.apache.asterix.hyracks.bootstrap.CCApplication.start(CCApplication.java:137)
	at org.apache.hyracks.control.cc.ClusterControllerService.startApplication(ClusterControllerService.java:235)
	at org.apache.hyracks.control.cc.ClusterControllerService.start(ClusterControllerService.java:221)
	at org.apache.hyracks.control.cc.CCDriver.main(CCDriver.java:59)
	at java.base/jdk.internal.reflect.NativeMethodAccessorImpl.invoke0(Native Method)
	at java.base/jdk.internal.reflect.NativeMethodAccessorImpl.invoke(NativeMethodAccessorImpl.java:62)
	at java.base/jdk.internal.reflect.DelegatingMethodAccessorImpl.invoke(DelegatingMethodAccessorImpl.java:43)
	at java.base/java.lang.reflect.Method.invoke(Method.java:566)
	at org.codehaus.mojo.appassembler.booter.AppassemblerBooter.executeMain(AppassemblerBooter.java:238)
	at org.codehaus.mojo.appassembler.booter.AppassemblerBooter.main(AppassemblerBooter.java:70)

2020-11-30 21:07:55,769 main ERROR Unable to invoke factory method in class org.apache.logging.log4j.core.appender.RollingFileAppender for element RollingFile: java.lang.IllegalStateException: No factory method found for class org.apache.logging.log4j.core.appender.RollingFileAppender java.lang.IllegalStateException: No factory method found for class org.apache.logging.log4j.core.appender.RollingFileAppender
	at org.apache.logging.log4j.core.config.plugins.util.PluginBuilder.findFactoryMethod(PluginBuilder.java:235)
	at org.apache.logging.log4j.core.config.plugins.util.PluginBuilder.build(PluginBuilder.java:135)
	at org.apache.logging.log4j.core.config.AbstractConfiguration.createPluginObject(AbstractConfiguration.java:959)
	at org.apache.logging.log4j.core.config.AbstractConfiguration.createConfiguration(AbstractConfiguration.java:899)
	at org.apache.logging.log4j.core.config.AbstractConfiguration.createConfiguration(AbstractConfiguration.java:891)
	at org.apache.logging.log4j.core.config.AbstractConfiguration.doConfigure(AbstractConfiguration.java:514)
	at org.apache.logging.log4j.core.config.AbstractConfiguration.initialize(AbstractConfiguration.java:238)
	at org.apache.logging.log4j.core.config.builder.impl.DefaultConfigurationBuilder.build(DefaultConfigurationBuilder.java:204)
	at org.apache.logging.log4j.core.config.builder.impl.DefaultConfigurationBuilder.build(DefaultConfigurationBuilder.java:161)
	at org.apache.logging.log4j.core.config.builder.impl.DefaultConfigurationBuilder.build(DefaultConfigurationBuilder.java:57)
	at org.apache.hyracks.control.cc.CCLogConfigurationFactory.createConfiguration(CCLogConfigurationFactory.java:71)
	at org.apache.hyracks.control.cc.CCLogConfigurationFactory.getConfiguration(CCLogConfigurationFactory.java:83)
	at org.apache.logging.log4j.core.config.ConfigurationFactory.getConfiguration(ConfigurationFactory.java:260)
	at org.apache.logging.log4j.core.LoggerContext.reconfigure(LoggerContext.java:615)
	at org.apache.logging.log4j.core.LoggerContext.reconfigure(LoggerContext.java:636)
	at org.apache.logging.log4j.core.LoggerContext.start(LoggerContext.java:231)
	at org.apache.logging.log4j.core.impl.Log4jContextFactory.getContext(Log4jContextFactory.java:153)
	at org.apache.logging.log4j.core.impl.Log4jContextFactory.getContext(Log4jContextFactory.java:45)
	at org.apache.logging.log4j.LogManager.getContext(LogManager.java:155)
	at org.apache.logging.log4j.core.LoggerContext.getContext(LoggerContext.java:171)
	at org.apache.hyracks.util.LoggingConfigUtil.defaultIfMissing(LoggingConfigUtil.java:37)
	at org.apache.hyracks.control.cc.BaseCCApplication.configureLoggingLevel(BaseCCApplication.java:87)
	at org.apache.asterix.hyracks.bootstrap.CCApplication.configureLoggingLevel(CCApplication.java:200)
	at org.apache.asterix.hyracks.bootstrap.CCApplication.start(CCApplication.java:137)
	at org.apache.hyracks.control.cc.ClusterControllerService.startApplication(ClusterControllerService.java:235)
	at org.apache.hyracks.control.cc.ClusterControllerService.start(ClusterControllerService.java:221)
	at org.apache.hyracks.control.cc.CCDriver.main(CCDriver.java:59)
	at java.base/jdk.internal.reflect.NativeMethodAccessorImpl.invoke0(Native Method)
	at java.base/jdk.internal.reflect.NativeMethodAccessorImpl.invoke(NativeMethodAccessorImpl.java:62)
	at java.base/jdk.internal.reflect.DelegatingMethodAccessorImpl.invoke(DelegatingMethodAccessorImpl.java:43)
	at java.base/java.lang.reflect.Method.invoke(Method.java:566)
	at org.codehaus.mojo.appassembler.booter.AppassemblerBooter.executeMain(AppassemblerBooter.java:238)
	at org.codehaus.mojo.appassembler.booter.AppassemblerBooter.main(AppassemblerBooter.java:70)

2020-11-30 21:07:55,773 main ERROR Null object returned for RollingFile in Appenders.
2020-11-30 21:07:55,773 main ERROR Unable to locate appender "default" for logger config "root"
^C-------------------------- 
2020/12/06 周日 12:22:18.04 
-------------------------- 
2020-12-06 12:22:24,636 main ERROR RollingFileManager (logs\cc.log) java.io.FileNotFoundException: logs\cc.log (另一个程序正在使用此文件，进程无法访问。) java.io.FileNotFoundException: logs\cc.log (另一个程序正在使用此文件，进程无法访问。)
	at java.base/java.io.FileOutputStream.open0(Native Method)
	at java.base/java.io.FileOutputStream.open(FileOutputStream.java:298)
	at java.base/java.io.FileOutputStream.<init>(FileOutputStream.java:237)
	at java.base/java.io.FileOutputStream.<init>(FileOutputStream.java:158)
	at org.apache.logging.log4j.core.appender.rolling.RollingFileManager$RollingFileManagerFactory.createManager(RollingFileManager.java:640)
	at org.apache.logging.log4j.core.appender.rolling.RollingFileManager$RollingFileManagerFactory.createManager(RollingFileManager.java:608)
	at org.apache.logging.log4j.core.appender.AbstractManager.getManager(AbstractManager.java:113)
	at org.apache.logging.log4j.core.appender.OutputStreamManager.getManager(OutputStreamManager.java:114)
	at org.apache.logging.log4j.core.appender.rolling.RollingFileManager.getFileManager(RollingFileManager.java:188)
	at org.apache.logging.log4j.core.appender.RollingFileAppender$Builder.build(RollingFileAppender.java:145)
	at org.apache.logging.log4j.core.appender.RollingFileAppender$Builder.build(RollingFileAppender.java:61)
	at org.apache.logging.log4j.core.config.plugins.util.PluginBuilder.build(PluginBuilder.java:123)
	at org.apache.logging.log4j.core.config.AbstractConfiguration.createPluginObject(AbstractConfiguration.java:959)
	at org.apache.logging.log4j.core.config.AbstractConfiguration.createConfiguration(AbstractConfiguration.java:899)
	at org.apache.logging.log4j.core.config.AbstractConfiguration.createConfiguration(AbstractConfiguration.java:891)
	at org.apache.logging.log4j.core.config.AbstractConfiguration.doConfigure(AbstractConfiguration.java:514)
	at org.apache.logging.log4j.core.config.AbstractConfiguration.initialize(AbstractConfiguration.java:238)
	at org.apache.logging.log4j.core.config.builder.impl.DefaultConfigurationBuilder.build(DefaultConfigurationBuilder.java:204)
	at org.apache.logging.log4j.core.config.builder.impl.DefaultConfigurationBuilder.build(DefaultConfigurationBuilder.java:161)
	at org.apache.logging.log4j.core.config.builder.impl.DefaultConfigurationBuilder.build(DefaultConfigurationBuilder.java:57)
	at org.apache.hyracks.control.cc.CCLogConfigurationFactory.createConfiguration(CCLogConfigurationFactory.java:71)
	at org.apache.hyracks.control.cc.CCLogConfigurationFactory.getConfiguration(CCLogConfigurationFactory.java:83)
	at org.apache.hyracks.control.cc.CCLogConfigurationFactory.getConfiguration(CCLogConfigurationFactory.java:76)
	at org.apache.hyracks.control.cc.CCDriver.main(CCDriver.java:57)
	at java.base/jdk.internal.reflect.NativeMethodAccessorImpl.invoke0(Native Method)
	at java.base/jdk.internal.reflect.NativeMethodAccessorImpl.invoke(NativeMethodAccessorImpl.java:62)
	at java.base/jdk.internal.reflect.DelegatingMethodAccessorImpl.invoke(DelegatingMethodAccessorImpl.java:43)
	at java.base/java.lang.reflect.Method.invoke(Method.java:566)
	at org.codehaus.mojo.appassembler.booter.AppassemblerBooter.executeMain(AppassemblerBooter.java:238)
	at org.codehaus.mojo.appassembler.booter.AppassemblerBooter.main(AppassemblerBooter.java:70)

2020-12-06 12:22:24,643 main ERROR Could not create plugin of type class org.apache.logging.log4j.core.appender.RollingFileAppender for element RollingFile: java.lang.IllegalStateException: ManagerFactory [org.apache.logging.log4j.core.appender.rolling.RollingFileManager$RollingFileManagerFactory@19648c40] unable to create manager for [logs\cc.log] with data [org.apache.logging.log4j.core.appender.rolling.RollingFileManager$FactoryData@12bd8a64[pattern=logs\cc-%d{MM-dd-yy}.log.gz, append=true, bufferedIO=true, bufferSize=8192, policy=CompositeTriggeringPolicy(policies=[CronTriggeringPolicy(schedule=0 0 0 * * ?), SizeBasedTriggeringPolicy(size=52428800)]), strategy=DefaultRolloverStrategy(min=1, max=7, useMax=true), advertiseURI=null, layout=%d{HH:mm:ss.SSS} [%t] %-5level %logger{36} - %msg%n, filePermissions=null, fileOwner=null]] java.lang.IllegalStateException: ManagerFactory [org.apache.logging.log4j.core.appender.rolling.RollingFileManager$RollingFileManagerFactory@19648c40] unable to create manager for [logs\cc.log] with data [org.apache.logging.log4j.core.appender.rolling.RollingFileManager$FactoryData@12bd8a64[pattern=logs\cc-%d{MM-dd-yy}.log.gz, append=true, bufferedIO=true, bufferSize=8192, policy=CompositeTriggeringPolicy(policies=[CronTriggeringPolicy(schedule=0 0 0 * * ?), SizeBasedTriggeringPolicy(size=52428800)]), strategy=DefaultRolloverStrategy(min=1, max=7, useMax=true), advertiseURI=null, layout=%d{HH:mm:ss.SSS} [%t] %-5level %logger{36} - %msg%n, filePermissions=null, fileOwner=null]]
	at org.apache.logging.log4j.core.appender.AbstractManager.getManager(AbstractManager.java:115)
	at org.apache.logging.log4j.core.appender.OutputStreamManager.getManager(OutputStreamManager.java:114)
	at org.apache.logging.log4j.core.appender.rolling.RollingFileManager.getFileManager(RollingFileManager.java:188)
	at org.apache.logging.log4j.core.appender.RollingFileAppender$Builder.build(RollingFileAppender.java:145)
	at org.apache.logging.log4j.core.appender.RollingFileAppender$Builder.build(RollingFileAppender.java:61)
	at org.apache.logging.log4j.core.config.plugins.util.PluginBuilder.build(PluginBuilder.java:123)
	at org.apache.logging.log4j.core.config.AbstractConfiguration.createPluginObject(AbstractConfiguration.java:959)
	at org.apache.logging.log4j.core.config.AbstractConfiguration.createConfiguration(AbstractConfiguration.java:899)
	at org.apache.logging.log4j.core.config.AbstractConfiguration.createConfiguration(AbstractConfiguration.java:891)
	at org.apache.logging.log4j.core.config.AbstractConfiguration.doConfigure(AbstractConfiguration.java:514)
	at org.apache.logging.log4j.core.config.AbstractConfiguration.initialize(AbstractConfiguration.java:238)
	at org.apache.logging.log4j.core.config.builder.impl.DefaultConfigurationBuilder.build(DefaultConfigurationBuilder.java:204)
	at org.apache.logging.log4j.core.config.builder.impl.DefaultConfigurationBuilder.build(DefaultConfigurationBuilder.java:161)
	at org.apache.logging.log4j.core.config.builder.impl.DefaultConfigurationBuilder.build(DefaultConfigurationBuilder.java:57)
	at org.apache.hyracks.control.cc.CCLogConfigurationFactory.createConfiguration(CCLogConfigurationFactory.java:71)
	at org.apache.hyracks.control.cc.CCLogConfigurationFactory.getConfiguration(CCLogConfigurationFactory.java:83)
	at org.apache.hyracks.control.cc.CCLogConfigurationFactory.getConfiguration(CCLogConfigurationFactory.java:76)
	at org.apache.hyracks.control.cc.CCDriver.main(CCDriver.java:57)
	at java.base/jdk.internal.reflect.NativeMethodAccessorImpl.invoke0(Native Method)
	at java.base/jdk.internal.reflect.NativeMethodAccessorImpl.invoke(NativeMethodAccessorImpl.java:62)
	at java.base/jdk.internal.reflect.DelegatingMethodAccessorImpl.invoke(DelegatingMethodAccessorImpl.java:43)
	at java.base/java.lang.reflect.Method.invoke(Method.java:566)
	at org.codehaus.mojo.appassembler.booter.AppassemblerBooter.executeMain(AppassemblerBooter.java:238)
	at org.codehaus.mojo.appassembler.booter.AppassemblerBooter.main(AppassemblerBooter.java:70)

2020-12-06 12:22:24,645 main ERROR Unable to invoke factory method in class org.apache.logging.log4j.core.appender.RollingFileAppender for element RollingFile: java.lang.IllegalStateException: No factory method found for class org.apache.logging.log4j.core.appender.RollingFileAppender java.lang.IllegalStateException: No factory method found for class org.apache.logging.log4j.core.appender.RollingFileAppender
	at org.apache.logging.log4j.core.config.plugins.util.PluginBuilder.findFactoryMethod(PluginBuilder.java:235)
	at org.apache.logging.log4j.core.config.plugins.util.PluginBuilder.build(PluginBuilder.java:135)
	at org.apache.logging.log4j.core.config.AbstractConfiguration.createPluginObject(AbstractConfiguration.java:959)
	at org.apache.logging.log4j.core.config.AbstractConfiguration.createConfiguration(AbstractConfiguration.java:899)
	at org.apache.logging.log4j.core.config.AbstractConfiguration.createConfiguration(AbstractConfiguration.java:891)
	at org.apache.logging.log4j.core.config.AbstractConfiguration.doConfigure(AbstractConfiguration.java:514)
	at org.apache.logging.log4j.core.config.AbstractConfiguration.initialize(AbstractConfiguration.java:238)
	at org.apache.logging.log4j.core.config.builder.impl.DefaultConfigurationBuilder.build(DefaultConfigurationBuilder.java:204)
	at org.apache.logging.log4j.core.config.builder.impl.DefaultConfigurationBuilder.build(DefaultConfigurationBuilder.java:161)
	at org.apache.logging.log4j.core.config.builder.impl.DefaultConfigurationBuilder.build(DefaultConfigurationBuilder.java:57)
	at org.apache.hyracks.control.cc.CCLogConfigurationFactory.createConfiguration(CCLogConfigurationFactory.java:71)
	at org.apache.hyracks.control.cc.CCLogConfigurationFactory.getConfiguration(CCLogConfigurationFactory.java:83)
	at org.apache.hyracks.control.cc.CCLogConfigurationFactory.getConfiguration(CCLogConfigurationFactory.java:76)
	at org.apache.hyracks.control.cc.CCDriver.main(CCDriver.java:57)
	at java.base/jdk.internal.reflect.NativeMethodAccessorImpl.invoke0(Native Method)
	at java.base/jdk.internal.reflect.NativeMethodAccessorImpl.invoke(NativeMethodAccessorImpl.java:62)
	at java.base/jdk.internal.reflect.DelegatingMethodAccessorImpl.invoke(DelegatingMethodAccessorImpl.java:43)
	at java.base/java.lang.reflect.Method.invoke(Method.java:566)
	at org.codehaus.mojo.appassembler.booter.AppassemblerBooter.executeMain(AppassemblerBooter.java:238)
	at org.codehaus.mojo.appassembler.booter.AppassemblerBooter.main(AppassemblerBooter.java:70)

2020-12-06 12:22:24,668 main ERROR Null object returned for RollingFile in Appenders.
2020-12-06 12:22:24,668 main ERROR Unable to locate appender "default" for logger config "root"
log4j:WARN No appenders could be found for logger (io.netty.util.internal.logging.InternalLoggerFactory).
log4j:WARN Please initialize the log4j system properly.
log4j:WARN See http://logging.apache.org/log4j/1.2/faq.html#noconfig for more info.
2020-12-06 12:22:26,241 main ERROR RollingFileManager (logs\cc.log) java.io.FileNotFoundException: logs\cc.log (另一个程序正在使用此文件，进程无法访问。) java.io.FileNotFoundException: logs\cc.log (另一个程序正在使用此文件，进程无法访问。)
	at java.base/java.io.FileOutputStream.open0(Native Method)
	at java.base/java.io.FileOutputStream.open(FileOutputStream.java:298)
	at java.base/java.io.FileOutputStream.<init>(FileOutputStream.java:237)
	at java.base/java.io.FileOutputStream.<init>(FileOutputStream.java:158)
	at org.apache.logging.log4j.core.appender.rolling.RollingFileManager$RollingFileManagerFactory.createManager(RollingFileManager.java:640)
	at org.apache.logging.log4j.core.appender.rolling.RollingFileManager$RollingFileManagerFactory.createManager(RollingFileManager.java:608)
	at org.apache.logging.log4j.core.appender.AbstractManager.getManager(AbstractManager.java:113)
	at org.apache.logging.log4j.core.appender.OutputStreamManager.getManager(OutputStreamManager.java:114)
	at org.apache.logging.log4j.core.appender.rolling.RollingFileManager.getFileManager(RollingFileManager.java:188)
	at org.apache.logging.log4j.core.appender.RollingFileAppender$Builder.build(RollingFileAppender.java:145)
	at org.apache.logging.log4j.core.appender.RollingFileAppender$Builder.build(RollingFileAppender.java:61)
	at org.apache.logging.log4j.core.config.plugins.util.PluginBuilder.build(PluginBuilder.java:123)
	at org.apache.logging.log4j.core.config.AbstractConfiguration.createPluginObject(AbstractConfiguration.java:959)
	at org.apache.logging.log4j.core.config.AbstractConfiguration.createConfiguration(AbstractConfiguration.java:899)
	at org.apache.logging.log4j.core.config.AbstractConfiguration.createConfiguration(AbstractConfiguration.java:891)
	at org.apache.logging.log4j.core.config.AbstractConfiguration.doConfigure(AbstractConfiguration.java:514)
	at org.apache.logging.log4j.core.config.AbstractConfiguration.initialize(AbstractConfiguration.java:238)
	at org.apache.logging.log4j.core.config.builder.impl.DefaultConfigurationBuilder.build(DefaultConfigurationBuilder.java:204)
	at org.apache.logging.log4j.core.config.builder.impl.DefaultConfigurationBuilder.build(DefaultConfigurationBuilder.java:161)
	at org.apache.logging.log4j.core.config.builder.impl.DefaultConfigurationBuilder.build(DefaultConfigurationBuilder.java:57)
	at org.apache.hyracks.control.cc.CCLogConfigurationFactory.createConfiguration(CCLogConfigurationFactory.java:71)
	at org.apache.hyracks.control.cc.CCLogConfigurationFactory.getConfiguration(CCLogConfigurationFactory.java:83)
	at org.apache.logging.log4j.core.config.ConfigurationFactory.getConfiguration(ConfigurationFactory.java:260)
	at org.apache.logging.log4j.core.LoggerContext.reconfigure(LoggerContext.java:615)
	at org.apache.logging.log4j.core.LoggerContext.reconfigure(LoggerContext.java:636)
	at org.apache.logging.log4j.core.LoggerContext.start(LoggerContext.java:231)
	at org.apache.logging.log4j.core.impl.Log4jContextFactory.getContext(Log4jContextFactory.java:153)
	at org.apache.logging.log4j.core.impl.Log4jContextFactory.getContext(Log4jContextFactory.java:45)
	at org.apache.logging.log4j.LogManager.getContext(LogManager.java:155)
	at org.apache.logging.log4j.core.LoggerContext.getContext(LoggerContext.java:171)
	at org.apache.hyracks.util.LoggingConfigUtil.defaultIfMissing(LoggingConfigUtil.java:37)
	at org.apache.hyracks.control.cc.BaseCCApplication.configureLoggingLevel(BaseCCApplication.java:87)
	at org.apache.asterix.hyracks.bootstrap.CCApplication.configureLoggingLevel(CCApplication.java:200)
	at org.apache.asterix.hyracks.bootstrap.CCApplication.start(CCApplication.java:137)
	at org.apache.hyracks.control.cc.ClusterControllerService.startApplication(ClusterControllerService.java:235)
	at org.apache.hyracks.control.cc.ClusterControllerService.start(ClusterControllerService.java:221)
	at org.apache.hyracks.control.cc.CCDriver.main(CCDriver.java:59)
	at java.base/jdk.internal.reflect.NativeMethodAccessorImpl.invoke0(Native Method)
	at java.base/jdk.internal.reflect.NativeMethodAccessorImpl.invoke(NativeMethodAccessorImpl.java:62)
	at java.base/jdk.internal.reflect.DelegatingMethodAccessorImpl.invoke(DelegatingMethodAccessorImpl.java:43)
	at java.base/java.lang.reflect.Method.invoke(Method.java:566)
	at org.codehaus.mojo.appassembler.booter.AppassemblerBooter.executeMain(AppassemblerBooter.java:238)
	at org.codehaus.mojo.appassembler.booter.AppassemblerBooter.main(AppassemblerBooter.java:70)

2020-12-06 12:22:26,243 main ERROR Could not create plugin of type class org.apache.logging.log4j.core.appender.RollingFileAppender for element RollingFile: java.lang.IllegalStateException: ManagerFactory [org.apache.logging.log4j.core.appender.rolling.RollingFileManager$RollingFileManagerFactory@19648c40] unable to create manager for [logs\cc.log] with data [org.apache.logging.log4j.core.appender.rolling.RollingFileManager$FactoryData@41a6d121[pattern=logs\cc-%d{MM-dd-yy}.log.gz, append=true, bufferedIO=true, bufferSize=8192, policy=CompositeTriggeringPolicy(policies=[CronTriggeringPolicy(schedule=0 0 0 * * ?), SizeBasedTriggeringPolicy(size=52428800)]), strategy=DefaultRolloverStrategy(min=1, max=7, useMax=true), advertiseURI=null, layout=%d{HH:mm:ss.SSS} [%t] %-5level %logger{36} - %msg%n, filePermissions=null, fileOwner=null]] java.lang.IllegalStateException: ManagerFactory [org.apache.logging.log4j.core.appender.rolling.RollingFileManager$RollingFileManagerFactory@19648c40] unable to create manager for [logs\cc.log] with data [org.apache.logging.log4j.core.appender.rolling.RollingFileManager$FactoryData@41a6d121[pattern=logs\cc-%d{MM-dd-yy}.log.gz, append=true, bufferedIO=true, bufferSize=8192, policy=CompositeTriggeringPolicy(policies=[CronTriggeringPolicy(schedule=0 0 0 * * ?), SizeBasedTriggeringPolicy(size=52428800)]), strategy=DefaultRolloverStrategy(min=1, max=7, useMax=true), advertiseURI=null, layout=%d{HH:mm:ss.SSS} [%t] %-5level %logger{36} - %msg%n, filePermissions=null, fileOwner=null]]
	at org.apache.logging.log4j.core.appender.AbstractManager.getManager(AbstractManager.java:115)
	at org.apache.logging.log4j.core.appender.OutputStreamManager.getManager(OutputStreamManager.java:114)
	at org.apache.logging.log4j.core.appender.rolling.RollingFileManager.getFileManager(RollingFileManager.java:188)
	at org.apache.logging.log4j.core.appender.RollingFileAppender$Builder.build(RollingFileAppender.java:145)
	at org.apache.logging.log4j.core.appender.RollingFileAppender$Builder.build(RollingFileAppender.java:61)
	at org.apache.logging.log4j.core.config.plugins.util.PluginBuilder.build(PluginBuilder.java:123)
	at org.apache.logging.log4j.core.config.AbstractConfiguration.createPluginObject(AbstractConfiguration.java:959)
	at org.apache.logging.log4j.core.config.AbstractConfiguration.createConfiguration(AbstractConfiguration.java:899)
	at org.apache.logging.log4j.core.config.AbstractConfiguration.createConfiguration(AbstractConfiguration.java:891)
	at org.apache.logging.log4j.core.config.AbstractConfiguration.doConfigure(AbstractConfiguration.java:514)
	at org.apache.logging.log4j.core.config.AbstractConfiguration.initialize(AbstractConfiguration.java:238)
	at org.apache.logging.log4j.core.config.builder.impl.DefaultConfigurationBuilder.build(DefaultConfigurationBuilder.java:204)
	at org.apache.logging.log4j.core.config.builder.impl.DefaultConfigurationBuilder.build(DefaultConfigurationBuilder.java:161)
	at org.apache.logging.log4j.core.config.builder.impl.DefaultConfigurationBuilder.build(DefaultConfigurationBuilder.java:57)
	at org.apache.hyracks.control.cc.CCLogConfigurationFactory.createConfiguration(CCLogConfigurationFactory.java:71)
	at org.apache.hyracks.control.cc.CCLogConfigurationFactory.getConfiguration(CCLogConfigurationFactory.java:83)
	at org.apache.logging.log4j.core.config.ConfigurationFactory.getConfiguration(ConfigurationFactory.java:260)
	at org.apache.logging.log4j.core.LoggerContext.reconfigure(LoggerContext.java:615)
	at org.apache.logging.log4j.core.LoggerContext.reconfigure(LoggerContext.java:636)
	at org.apache.logging.log4j.core.LoggerContext.start(LoggerContext.java:231)
	at org.apache.logging.log4j.core.impl.Log4jContextFactory.getContext(Log4jContextFactory.java:153)
	at org.apache.logging.log4j.core.impl.Log4jContextFactory.getContext(Log4jContextFactory.java:45)
	at org.apache.logging.log4j.LogManager.getContext(LogManager.java:155)
	at org.apache.logging.log4j.core.LoggerContext.getContext(LoggerContext.java:171)
	at org.apache.hyracks.util.LoggingConfigUtil.defaultIfMissing(LoggingConfigUtil.java:37)
	at org.apache.hyracks.control.cc.BaseCCApplication.configureLoggingLevel(BaseCCApplication.java:87)
	at org.apache.asterix.hyracks.bootstrap.CCApplication.configureLoggingLevel(CCApplication.java:200)
	at org.apache.asterix.hyracks.bootstrap.CCApplication.start(CCApplication.java:137)
	at org.apache.hyracks.control.cc.ClusterControllerService.startApplication(ClusterControllerService.java:235)
	at org.apache.hyracks.control.cc.ClusterControllerService.start(ClusterControllerService.java:221)
	at org.apache.hyracks.control.cc.CCDriver.main(CCDriver.java:59)
	at java.base/jdk.internal.reflect.NativeMethodAccessorImpl.invoke0(Native Method)
	at java.base/jdk.internal.reflect.NativeMethodAccessorImpl.invoke(NativeMethodAccessorImpl.java:62)
	at java.base/jdk.internal.reflect.DelegatingMethodAccessorImpl.invoke(DelegatingMethodAccessorImpl.java:43)
	at java.base/java.lang.reflect.Method.invoke(Method.java:566)
	at org.codehaus.mojo.appassembler.booter.AppassemblerBooter.executeMain(AppassemblerBooter.java:238)
	at org.codehaus.mojo.appassembler.booter.AppassemblerBooter.main(AppassemblerBooter.java:70)

2020-12-06 12:22:26,244 main ERROR Unable to invoke factory method in class org.apache.logging.log4j.core.appender.RollingFileAppender for element RollingFile: java.lang.IllegalStateException: No factory method found for class org.apache.logging.log4j.core.appender.RollingFileAppender java.lang.IllegalStateException: No factory method found for class org.apache.logging.log4j.core.appender.RollingFileAppender
	at org.apache.logging.log4j.core.config.plugins.util.PluginBuilder.findFactoryMethod(PluginBuilder.java:235)
	at org.apache.logging.log4j.core.config.plugins.util.PluginBuilder.build(PluginBuilder.java:135)
	at org.apache.logging.log4j.core.config.AbstractConfiguration.createPluginObject(AbstractConfiguration.java:959)
	at org.apache.logging.log4j.core.config.AbstractConfiguration.createConfiguration(AbstractConfiguration.java:899)
	at org.apache.logging.log4j.core.config.AbstractConfiguration.createConfiguration(AbstractConfiguration.java:891)
	at org.apache.logging.log4j.core.config.AbstractConfiguration.doConfigure(AbstractConfiguration.java:514)
	at org.apache.logging.log4j.core.config.AbstractConfiguration.initialize(AbstractConfiguration.java:238)
	at org.apache.logging.log4j.core.config.builder.impl.DefaultConfigurationBuilder.build(DefaultConfigurationBuilder.java:204)
	at org.apache.logging.log4j.core.config.builder.impl.DefaultConfigurationBuilder.build(DefaultConfigurationBuilder.java:161)
	at org.apache.logging.log4j.core.config.builder.impl.DefaultConfigurationBuilder.build(DefaultConfigurationBuilder.java:57)
	at org.apache.hyracks.control.cc.CCLogConfigurationFactory.createConfiguration(CCLogConfigurationFactory.java:71)
	at org.apache.hyracks.control.cc.CCLogConfigurationFactory.getConfiguration(CCLogConfigurationFactory.java:83)
	at org.apache.logging.log4j.core.config.ConfigurationFactory.getConfiguration(ConfigurationFactory.java:260)
	at org.apache.logging.log4j.core.LoggerContext.reconfigure(LoggerContext.java:615)
	at org.apache.logging.log4j.core.LoggerContext.reconfigure(LoggerContext.java:636)
	at org.apache.logging.log4j.core.LoggerContext.start(LoggerContext.java:231)
	at org.apache.logging.log4j.core.impl.Log4jContextFactory.getContext(Log4jContextFactory.java:153)
	at org.apache.logging.log4j.core.impl.Log4jContextFactory.getContext(Log4jContextFactory.java:45)
	at org.apache.logging.log4j.LogManager.getContext(LogManager.java:155)
	at org.apache.logging.log4j.core.LoggerContext.getContext(LoggerContext.java:171)
	at org.apache.hyracks.util.LoggingConfigUtil.defaultIfMissing(LoggingConfigUtil.java:37)
	at org.apache.hyracks.control.cc.BaseCCApplication.configureLoggingLevel(BaseCCApplication.java:87)
	at org.apache.asterix.hyracks.bootstrap.CCApplication.configureLoggingLevel(CCApplication.java:200)
	at org.apache.asterix.hyracks.bootstrap.CCApplication.start(CCApplication.java:137)
	at org.apache.hyracks.control.cc.ClusterControllerService.startApplication(ClusterControllerService.java:235)
	at org.apache.hyracks.control.cc.ClusterControllerService.start(ClusterControllerService.java:221)
	at org.apache.hyracks.control.cc.CCDriver.main(CCDriver.java:59)
	at java.base/jdk.internal.reflect.NativeMethodAccessorImpl.invoke0(Native Method)
	at java.base/jdk.internal.reflect.NativeMethodAccessorImpl.invoke(NativeMethodAccessorImpl.java:62)
	at java.base/jdk.internal.reflect.DelegatingMethodAccessorImpl.invoke(DelegatingMethodAccessorImpl.java:43)
	at java.base/java.lang.reflect.Method.invoke(Method.java:566)
	at org.codehaus.mojo.appassembler.booter.AppassemblerBooter.executeMain(AppassemblerBooter.java:238)
	at org.codehaus.mojo.appassembler.booter.AppassemblerBooter.main(AppassemblerBooter.java:70)

2020-12-06 12:22:26,247 main ERROR Null object returned for RollingFile in Appenders.
2020-12-06 12:22:26,248 main ERROR Unable to locate appender "default" for logger config "root"
WARNING: An illegal reflective access operation has occurred
WARNING: Illegal reflective access by org.apache.hyracks.util.ExitUtil$ExitThread (file:/F:/study/AU 20/cse414/hw6/asterix-server-0.9.4.1-binary-assembly/bin/../repo/hyracks-util-0.3.4-SNAPSHOT.jar) to field java.lang.ApplicationShutdownHooks.hooks
WARNING: Please consider reporting this to the maintainers of org.apache.hyracks.util.ExitUtil$ExitThread
WARNING: Use --illegal-access=warn to enable warnings of further illegal reflective access operations
WARNING: All illegal access operations will be denied in a future release
-------------------------- 
2020/12/06 周日 15:44:24.90 
-------------------------- 
2020-12-06 15:44:26,871 main ERROR RollingFileManager (logs\cc.log) java.io.FileNotFoundException: logs\cc.log (另一个程序正在使用此文件，进程无法访问。) java.io.FileNotFoundException: logs\cc.log (另一个程序正在使用此文件，进程无法访问。)
	at java.base/java.io.FileOutputStream.open0(Native Method)
	at java.base/java.io.FileOutputStream.open(FileOutputStream.java:298)
	at java.base/java.io.FileOutputStream.<init>(FileOutputStream.java:237)
	at java.base/java.io.FileOutputStream.<init>(FileOutputStream.java:158)
	at org.apache.logging.log4j.core.appender.rolling.RollingFileManager$RollingFileManagerFactory.createManager(RollingFileManager.java:640)
	at org.apache.logging.log4j.core.appender.rolling.RollingFileManager$RollingFileManagerFactory.createManager(RollingFileManager.java:608)
	at org.apache.logging.log4j.core.appender.AbstractManager.getManager(AbstractManager.java:113)
	at org.apache.logging.log4j.core.appender.OutputStreamManager.getManager(OutputStreamManager.java:114)
	at org.apache.logging.log4j.core.appender.rolling.RollingFileManager.getFileManager(RollingFileManager.java:188)
	at org.apache.logging.log4j.core.appender.RollingFileAppender$Builder.build(RollingFileAppender.java:145)
	at org.apache.logging.log4j.core.appender.RollingFileAppender$Builder.build(RollingFileAppender.java:61)
	at org.apache.logging.log4j.core.config.plugins.util.PluginBuilder.build(PluginBuilder.java:123)
	at org.apache.logging.log4j.core.config.AbstractConfiguration.createPluginObject(AbstractConfiguration.java:959)
	at org.apache.logging.log4j.core.config.AbstractConfiguration.createConfiguration(AbstractConfiguration.java:899)
	at org.apache.logging.log4j.core.config.AbstractConfiguration.createConfiguration(AbstractConfiguration.java:891)
	at org.apache.logging.log4j.core.config.AbstractConfiguration.doConfigure(AbstractConfiguration.java:514)
	at org.apache.logging.log4j.core.config.AbstractConfiguration.initialize(AbstractConfiguration.java:238)
	at org.apache.logging.log4j.core.config.builder.impl.DefaultConfigurationBuilder.build(DefaultConfigurationBuilder.java:204)
	at org.apache.logging.log4j.core.config.builder.impl.DefaultConfigurationBuilder.build(DefaultConfigurationBuilder.java:161)
	at org.apache.logging.log4j.core.config.builder.impl.DefaultConfigurationBuilder.build(DefaultConfigurationBuilder.java:57)
	at org.apache.hyracks.control.cc.CCLogConfigurationFactory.createConfiguration(CCLogConfigurationFactory.java:71)
	at org.apache.hyracks.control.cc.CCLogConfigurationFactory.getConfiguration(CCLogConfigurationFactory.java:83)
	at org.apache.hyracks.control.cc.CCLogConfigurationFactory.getConfiguration(CCLogConfigurationFactory.java:76)
	at org.apache.hyracks.control.cc.CCDriver.main(CCDriver.java:57)
	at java.base/jdk.internal.reflect.NativeMethodAccessorImpl.invoke0(Native Method)
	at java.base/jdk.internal.reflect.NativeMethodAccessorImpl.invoke(NativeMethodAccessorImpl.java:62)
	at java.base/jdk.internal.reflect.DelegatingMethodAccessorImpl.invoke(DelegatingMethodAccessorImpl.java:43)
	at java.base/java.lang.reflect.Method.invoke(Method.java:566)
	at org.codehaus.mojo.appassembler.booter.AppassemblerBooter.executeMain(AppassemblerBooter.java:238)
	at org.codehaus.mojo.appassembler.booter.AppassemblerBooter.main(AppassemblerBooter.java:70)

2020-12-06 15:44:26,878 main ERROR Could not create plugin of type class org.apache.logging.log4j.core.appender.RollingFileAppender for element RollingFile: java.lang.IllegalStateException: ManagerFactory [org.apache.logging.log4j.core.appender.rolling.RollingFileManager$RollingFileManagerFactory@19648c40] unable to create manager for [logs\cc.log] with data [org.apache.logging.log4j.core.appender.rolling.RollingFileManager$FactoryData@12bd8a64[pattern=logs\cc-%d{MM-dd-yy}.log.gz, append=true, bufferedIO=true, bufferSize=8192, policy=CompositeTriggeringPolicy(policies=[CronTriggeringPolicy(schedule=0 0 0 * * ?), SizeBasedTriggeringPolicy(size=52428800)]), strategy=DefaultRolloverStrategy(min=1, max=7, useMax=true), advertiseURI=null, layout=%d{HH:mm:ss.SSS} [%t] %-5level %logger{36} - %msg%n, filePermissions=null, fileOwner=null]] java.lang.IllegalStateException: ManagerFactory [org.apache.logging.log4j.core.appender.rolling.RollingFileManager$RollingFileManagerFactory@19648c40] unable to create manager for [logs\cc.log] with data [org.apache.logging.log4j.core.appender.rolling.RollingFileManager$FactoryData@12bd8a64[pattern=logs\cc-%d{MM-dd-yy}.log.gz, append=true, bufferedIO=true, bufferSize=8192, policy=CompositeTriggeringPolicy(policies=[CronTriggeringPolicy(schedule=0 0 0 * * ?), SizeBasedTriggeringPolicy(size=52428800)]), strategy=DefaultRolloverStrategy(min=1, max=7, useMax=true), advertiseURI=null, layout=%d{HH:mm:ss.SSS} [%t] %-5level %logger{36} - %msg%n, filePermissions=null, fileOwner=null]]
	at org.apache.logging.log4j.core.appender.AbstractManager.getManager(AbstractManager.java:115)
	at org.apache.logging.log4j.core.appender.OutputStreamManager.getManager(OutputStreamManager.java:114)
	at org.apache.logging.log4j.core.appender.rolling.RollingFileManager.getFileManager(RollingFileManager.java:188)
	at org.apache.logging.log4j.core.appender.RollingFileAppender$Builder.build(RollingFileAppender.java:145)
	at org.apache.logging.log4j.core.appender.RollingFileAppender$Builder.build(RollingFileAppender.java:61)
	at org.apache.logging.log4j.core.config.plugins.util.PluginBuilder.build(PluginBuilder.java:123)
	at org.apache.logging.log4j.core.config.AbstractConfiguration.createPluginObject(AbstractConfiguration.java:959)
	at org.apache.logging.log4j.core.config.AbstractConfiguration.createConfiguration(AbstractConfiguration.java:899)
	at org.apache.logging.log4j.core.config.AbstractConfiguration.createConfiguration(AbstractConfiguration.java:891)
	at org.apache.logging.log4j.core.config.AbstractConfiguration.doConfigure(AbstractConfiguration.java:514)
	at org.apache.logging.log4j.core.config.AbstractConfiguration.initialize(AbstractConfiguration.java:238)
	at org.apache.logging.log4j.core.config.builder.impl.DefaultConfigurationBuilder.build(DefaultConfigurationBuilder.java:204)
	at org.apache.logging.log4j.core.config.builder.impl.DefaultConfigurationBuilder.build(DefaultConfigurationBuilder.java:161)
	at org.apache.logging.log4j.core.config.builder.impl.DefaultConfigurationBuilder.build(DefaultConfigurationBuilder.java:57)
	at org.apache.hyracks.control.cc.CCLogConfigurationFactory.createConfiguration(CCLogConfigurationFactory.java:71)
	at org.apache.hyracks.control.cc.CCLogConfigurationFactory.getConfiguration(CCLogConfigurationFactory.java:83)
	at org.apache.hyracks.control.cc.CCLogConfigurationFactory.getConfiguration(CCLogConfigurationFactory.java:76)
	at org.apache.hyracks.control.cc.CCDriver.main(CCDriver.java:57)
	at java.base/jdk.internal.reflect.NativeMethodAccessorImpl.invoke0(Native Method)
	at java.base/jdk.internal.reflect.NativeMethodAccessorImpl.invoke(NativeMethodAccessorImpl.java:62)
	at java.base/jdk.internal.reflect.DelegatingMethodAccessorImpl.invoke(DelegatingMethodAccessorImpl.java:43)
	at java.base/java.lang.reflect.Method.invoke(Method.java:566)
	at org.codehaus.mojo.appassembler.booter.AppassemblerBooter.executeMain(AppassemblerBooter.java:238)
	at org.codehaus.mojo.appassembler.booter.AppassemblerBooter.main(AppassemblerBooter.java:70)

2020-12-06 15:44:26,880 main ERROR Unable to invoke factory method in class org.apache.logging.log4j.core.appender.RollingFileAppender for element RollingFile: java.lang.IllegalStateException: No factory method found for class org.apache.logging.log4j.core.appender.RollingFileAppender java.lang.IllegalStateException: No factory method found for class org.apache.logging.log4j.core.appender.RollingFileAppender
	at org.apache.logging.log4j.core.config.plugins.util.PluginBuilder.findFactoryMethod(PluginBuilder.java:235)
	at org.apache.logging.log4j.core.config.plugins.util.PluginBuilder.build(PluginBuilder.java:135)
	at org.apache.logging.log4j.core.config.AbstractConfiguration.createPluginObject(AbstractConfiguration.java:959)
	at org.apache.logging.log4j.core.config.AbstractConfiguration.createConfiguration(AbstractConfiguration.java:899)
	at org.apache.logging.log4j.core.config.AbstractConfiguration.createConfiguration(AbstractConfiguration.java:891)
	at org.apache.logging.log4j.core.config.AbstractConfiguration.doConfigure(AbstractConfiguration.java:514)
	at org.apache.logging.log4j.core.config.AbstractConfiguration.initialize(AbstractConfiguration.java:238)
	at org.apache.logging.log4j.core.config.builder.impl.DefaultConfigurationBuilder.build(DefaultConfigurationBuilder.java:204)
	at org.apache.logging.log4j.core.config.builder.impl.DefaultConfigurationBuilder.build(DefaultConfigurationBuilder.java:161)
	at org.apache.logging.log4j.core.config.builder.impl.DefaultConfigurationBuilder.build(DefaultConfigurationBuilder.java:57)
	at org.apache.hyracks.control.cc.CCLogConfigurationFactory.createConfiguration(CCLogConfigurationFactory.java:71)
	at org.apache.hyracks.control.cc.CCLogConfigurationFactory.getConfiguration(CCLogConfigurationFactory.java:83)
	at org.apache.hyracks.control.cc.CCLogConfigurationFactory.getConfiguration(CCLogConfigurationFactory.java:76)
	at org.apache.hyracks.control.cc.CCDriver.main(CCDriver.java:57)
	at java.base/jdk.internal.reflect.NativeMethodAccessorImpl.invoke0(Native Method)
	at java.base/jdk.internal.reflect.NativeMethodAccessorImpl.invoke(NativeMethodAccessorImpl.java:62)
	at java.base/jdk.internal.reflect.DelegatingMethodAccessorImpl.invoke(DelegatingMethodAccessorImpl.java:43)
	at java.base/java.lang.reflect.Method.invoke(Method.java:566)
	at org.codehaus.mojo.appassembler.booter.AppassemblerBooter.executeMain(AppassemblerBooter.java:238)
	at org.codehaus.mojo.appassembler.booter.AppassemblerBooter.main(AppassemblerBooter.java:70)

2020-12-06 15:44:26,904 main ERROR Null object returned for RollingFile in Appenders.
2020-12-06 15:44:26,906 main ERROR Unable to locate appender "default" for logger config "root"
log4j:WARN No appenders could be found for logger (io.netty.util.internal.logging.InternalLoggerFactory).
log4j:WARN Please initialize the log4j system properly.
log4j:WARN See http://logging.apache.org/log4j/1.2/faq.html#noconfig for more info.
2020-12-06 15:44:28,434 main ERROR RollingFileManager (logs\cc.log) java.io.FileNotFoundException: logs\cc.log (另一个程序正在使用此文件，进程无法访问。) java.io.FileNotFoundException: logs\cc.log (另一个程序正在使用此文件，进程无法访问。)
	at java.base/java.io.FileOutputStream.open0(Native Method)
	at java.base/java.io.FileOutputStream.open(FileOutputStream.java:298)
	at java.base/java.io.FileOutputStream.<init>(FileOutputStream.java:237)
	at java.base/java.io.FileOutputStream.<init>(FileOutputStream.java:158)
	at org.apache.logging.log4j.core.appender.rolling.RollingFileManager$RollingFileManagerFactory.createManager(RollingFileManager.java:640)
	at org.apache.logging.log4j.core.appender.rolling.RollingFileManager$RollingFileManagerFactory.createManager(RollingFileManager.java:608)
	at org.apache.logging.log4j.core.appender.AbstractManager.getManager(AbstractManager.java:113)
	at org.apache.logging.log4j.core.appender.OutputStreamManager.getManager(OutputStreamManager.java:114)
	at org.apache.logging.log4j.core.appender.rolling.RollingFileManager.getFileManager(RollingFileManager.java:188)
	at org.apache.logging.log4j.core.appender.RollingFileAppender$Builder.build(RollingFileAppender.java:145)
	at org.apache.logging.log4j.core.appender.RollingFileAppender$Builder.build(RollingFileAppender.java:61)
	at org.apache.logging.log4j.core.config.plugins.util.PluginBuilder.build(PluginBuilder.java:123)
	at org.apache.logging.log4j.core.config.AbstractConfiguration.createPluginObject(AbstractConfiguration.java:959)
	at org.apache.logging.log4j.core.config.AbstractConfiguration.createConfiguration(AbstractConfiguration.java:899)
	at org.apache.logging.log4j.core.config.AbstractConfiguration.createConfiguration(AbstractConfiguration.java:891)
	at org.apache.logging.log4j.core.config.AbstractConfiguration.doConfigure(AbstractConfiguration.java:514)
	at org.apache.logging.log4j.core.config.AbstractConfiguration.initialize(AbstractConfiguration.java:238)
	at org.apache.logging.log4j.core.config.builder.impl.DefaultConfigurationBuilder.build(DefaultConfigurationBuilder.java:204)
	at org.apache.logging.log4j.core.config.builder.impl.DefaultConfigurationBuilder.build(DefaultConfigurationBuilder.java:161)
	at org.apache.logging.log4j.core.config.builder.impl.DefaultConfigurationBuilder.build(DefaultConfigurationBuilder.java:57)
	at org.apache.hyracks.control.cc.CCLogConfigurationFactory.createConfiguration(CCLogConfigurationFactory.java:71)
	at org.apache.hyracks.control.cc.CCLogConfigurationFactory.getConfiguration(CCLogConfigurationFactory.java:83)
	at org.apache.logging.log4j.core.config.ConfigurationFactory.getConfiguration(ConfigurationFactory.java:260)
	at org.apache.logging.log4j.core.LoggerContext.reconfigure(LoggerContext.java:615)
	at org.apache.logging.log4j.core.LoggerContext.reconfigure(LoggerContext.java:636)
	at org.apache.logging.log4j.core.LoggerContext.start(LoggerContext.java:231)
	at org.apache.logging.log4j.core.impl.Log4jContextFactory.getContext(Log4jContextFactory.java:153)
	at org.apache.logging.log4j.core.impl.Log4jContextFactory.getContext(Log4jContextFactory.java:45)
	at org.apache.logging.log4j.LogManager.getContext(LogManager.java:155)
	at org.apache.logging.log4j.core.LoggerContext.getContext(LoggerContext.java:171)
	at org.apache.hyracks.util.LoggingConfigUtil.defaultIfMissing(LoggingConfigUtil.java:37)
	at org.apache.hyracks.control.cc.BaseCCApplication.configureLoggingLevel(BaseCCApplication.java:87)
	at org.apache.asterix.hyracks.bootstrap.CCApplication.configureLoggingLevel(CCApplication.java:200)
	at org.apache.asterix.hyracks.bootstrap.CCApplication.start(CCApplication.java:137)
	at org.apache.hyracks.control.cc.ClusterControllerService.startApplication(ClusterControllerService.java:235)
	at org.apache.hyracks.control.cc.ClusterControllerService.start(ClusterControllerService.java:221)
	at org.apache.hyracks.control.cc.CCDriver.main(CCDriver.java:59)
	at java.base/jdk.internal.reflect.NativeMethodAccessorImpl.invoke0(Native Method)
	at java.base/jdk.internal.reflect.NativeMethodAccessorImpl.invoke(NativeMethodAccessorImpl.java:62)
	at java.base/jdk.internal.reflect.DelegatingMethodAccessorImpl.invoke(DelegatingMethodAccessorImpl.java:43)
	at java.base/java.lang.reflect.Method.invoke(Method.java:566)
	at org.codehaus.mojo.appassembler.booter.AppassemblerBooter.executeMain(AppassemblerBooter.java:238)
	at org.codehaus.mojo.appassembler.booter.AppassemblerBooter.main(AppassemblerBooter.java:70)

2020-12-06 15:44:28,436 main ERROR Could not create plugin of type class org.apache.logging.log4j.core.appender.RollingFileAppender for element RollingFile: java.lang.IllegalStateException: ManagerFactory [org.apache.logging.log4j.core.appender.rolling.RollingFileManager$RollingFileManagerFactory@19648c40] unable to create manager for [logs\cc.log] with data [org.apache.logging.log4j.core.appender.rolling.RollingFileManager$FactoryData@41a6d121[pattern=logs\cc-%d{MM-dd-yy}.log.gz, append=true, bufferedIO=true, bufferSize=8192, policy=CompositeTriggeringPolicy(policies=[CronTriggeringPolicy(schedule=0 0 0 * * ?), SizeBasedTriggeringPolicy(size=52428800)]), strategy=DefaultRolloverStrategy(min=1, max=7, useMax=true), advertiseURI=null, layout=%d{HH:mm:ss.SSS} [%t] %-5level %logger{36} - %msg%n, filePermissions=null, fileOwner=null]] java.lang.IllegalStateException: ManagerFactory [org.apache.logging.log4j.core.appender.rolling.RollingFileManager$RollingFileManagerFactory@19648c40] unable to create manager for [logs\cc.log] with data [org.apache.logging.log4j.core.appender.rolling.RollingFileManager$FactoryData@41a6d121[pattern=logs\cc-%d{MM-dd-yy}.log.gz, append=true, bufferedIO=true, bufferSize=8192, policy=CompositeTriggeringPolicy(policies=[CronTriggeringPolicy(schedule=0 0 0 * * ?), SizeBasedTriggeringPolicy(size=52428800)]), strategy=DefaultRolloverStrategy(min=1, max=7, useMax=true), advertiseURI=null, layout=%d{HH:mm:ss.SSS} [%t] %-5level %logger{36} - %msg%n, filePermissions=null, fileOwner=null]]
	at org.apache.logging.log4j.core.appender.AbstractManager.getManager(AbstractManager.java:115)
	at org.apache.logging.log4j.core.appender.OutputStreamManager.getManager(OutputStreamManager.java:114)
	at org.apache.logging.log4j.core.appender.rolling.RollingFileManager.getFileManager(RollingFileManager.java:188)
	at org.apache.logging.log4j.core.appender.RollingFileAppender$Builder.build(RollingFileAppender.java:145)
	at org.apache.logging.log4j.core.appender.RollingFileAppender$Builder.build(RollingFileAppender.java:61)
	at org.apache.logging.log4j.core.config.plugins.util.PluginBuilder.build(PluginBuilder.java:123)
	at org.apache.logging.log4j.core.config.AbstractConfiguration.createPluginObject(AbstractConfiguration.java:959)
	at org.apache.logging.log4j.core.config.AbstractConfiguration.createConfiguration(AbstractConfiguration.java:899)
	at org.apache.logging.log4j.core.config.AbstractConfiguration.createConfiguration(AbstractConfiguration.java:891)
	at org.apache.logging.log4j.core.config.AbstractConfiguration.doConfigure(AbstractConfiguration.java:514)
	at org.apache.logging.log4j.core.config.AbstractConfiguration.initialize(AbstractConfiguration.java:238)
	at org.apache.logging.log4j.core.config.builder.impl.DefaultConfigurationBuilder.build(DefaultConfigurationBuilder.java:204)
	at org.apache.logging.log4j.core.config.builder.impl.DefaultConfigurationBuilder.build(DefaultConfigurationBuilder.java:161)
	at org.apache.logging.log4j.core.config.builder.impl.DefaultConfigurationBuilder.build(DefaultConfigurationBuilder.java:57)
	at org.apache.hyracks.control.cc.CCLogConfigurationFactory.createConfiguration(CCLogConfigurationFactory.java:71)
	at org.apache.hyracks.control.cc.CCLogConfigurationFactory.getConfiguration(CCLogConfigurationFactory.java:83)
	at org.apache.logging.log4j.core.config.ConfigurationFactory.getConfiguration(ConfigurationFactory.java:260)
	at org.apache.logging.log4j.core.LoggerContext.reconfigure(LoggerContext.java:615)
	at org.apache.logging.log4j.core.LoggerContext.reconfigure(LoggerContext.java:636)
	at org.apache.logging.log4j.core.LoggerContext.start(LoggerContext.java:231)
	at org.apache.logging.log4j.core.impl.Log4jContextFactory.getContext(Log4jContextFactory.java:153)
	at org.apache.logging.log4j.core.impl.Log4jContextFactory.getContext(Log4jContextFactory.java:45)
	at org.apache.logging.log4j.LogManager.getContext(LogManager.java:155)
	at org.apache.logging.log4j.core.LoggerContext.getContext(LoggerContext.java:171)
	at org.apache.hyracks.util.LoggingConfigUtil.defaultIfMissing(LoggingConfigUtil.java:37)
	at org.apache.hyracks.control.cc.BaseCCApplication.configureLoggingLevel(BaseCCApplication.java:87)
	at org.apache.asterix.hyracks.bootstrap.CCApplication.configureLoggingLevel(CCApplication.java:200)
	at org.apache.asterix.hyracks.bootstrap.CCApplication.start(CCApplication.java:137)
	at org.apache.hyracks.control.cc.ClusterControllerService.startApplication(ClusterControllerService.java:235)
	at org.apache.hyracks.control.cc.ClusterControllerService.start(ClusterControllerService.java:221)
	at org.apache.hyracks.control.cc.CCDriver.main(CCDriver.java:59)
	at java.base/jdk.internal.reflect.NativeMethodAccessorImpl.invoke0(Native Method)
	at java.base/jdk.internal.reflect.NativeMethodAccessorImpl.invoke(NativeMethodAccessorImpl.java:62)
	at java.base/jdk.internal.reflect.DelegatingMethodAccessorImpl.invoke(DelegatingMethodAccessorImpl.java:43)
	at java.base/java.lang.reflect.Method.invoke(Method.java:566)
	at org.codehaus.mojo.appassembler.booter.AppassemblerBooter.executeMain(AppassemblerBooter.java:238)
	at org.codehaus.mojo.appassembler.booter.AppassemblerBooter.main(AppassemblerBooter.java:70)

2020-12-06 15:44:28,439 main ERROR Unable to invoke factory method in class org.apache.logging.log4j.core.appender.RollingFileAppender for element RollingFile: java.lang.IllegalStateException: No factory method found for class org.apache.logging.log4j.core.appender.RollingFileAppender java.lang.IllegalStateException: No factory method found for class org.apache.logging.log4j.core.appender.RollingFileAppender
	at org.apache.logging.log4j.core.config.plugins.util.PluginBuilder.findFactoryMethod(PluginBuilder.java:235)
	at org.apache.logging.log4j.core.config.plugins.util.PluginBuilder.build(PluginBuilder.java:135)
	at org.apache.logging.log4j.core.config.AbstractConfiguration.createPluginObject(AbstractConfiguration.java:959)
	at org.apache.logging.log4j.core.config.AbstractConfiguration.createConfiguration(AbstractConfiguration.java:899)
	at org.apache.logging.log4j.core.config.AbstractConfiguration.createConfiguration(AbstractConfiguration.java:891)
	at org.apache.logging.log4j.core.config.AbstractConfiguration.doConfigure(AbstractConfiguration.java:514)
	at org.apache.logging.log4j.core.config.AbstractConfiguration.initialize(AbstractConfiguration.java:238)
	at org.apache.logging.log4j.core.config.builder.impl.DefaultConfigurationBuilder.build(DefaultConfigurationBuilder.java:204)
	at org.apache.logging.log4j.core.config.builder.impl.DefaultConfigurationBuilder.build(DefaultConfigurationBuilder.java:161)
	at org.apache.logging.log4j.core.config.builder.impl.DefaultConfigurationBuilder.build(DefaultConfigurationBuilder.java:57)
	at org.apache.hyracks.control.cc.CCLogConfigurationFactory.createConfiguration(CCLogConfigurationFactory.java:71)
	at org.apache.hyracks.control.cc.CCLogConfigurationFactory.getConfiguration(CCLogConfigurationFactory.java:83)
	at org.apache.logging.log4j.core.config.ConfigurationFactory.getConfiguration(ConfigurationFactory.java:260)
	at org.apache.logging.log4j.core.LoggerContext.reconfigure(LoggerContext.java:615)
	at org.apache.logging.log4j.core.LoggerContext.reconfigure(LoggerContext.java:636)
	at org.apache.logging.log4j.core.LoggerContext.start(LoggerContext.java:231)
	at org.apache.logging.log4j.core.impl.Log4jContextFactory.getContext(Log4jContextFactory.java:153)
	at org.apache.logging.log4j.core.impl.Log4jContextFactory.getContext(Log4jContextFactory.java:45)
	at org.apache.logging.log4j.LogManager.getContext(LogManager.java:155)
	at org.apache.logging.log4j.core.LoggerContext.getContext(LoggerContext.java:171)
	at org.apache.hyracks.util.LoggingConfigUtil.defaultIfMissing(LoggingConfigUtil.java:37)
	at org.apache.hyracks.control.cc.BaseCCApplication.configureLoggingLevel(BaseCCApplication.java:87)
	at org.apache.asterix.hyracks.bootstrap.CCApplication.configureLoggingLevel(CCApplication.java:200)
	at org.apache.asterix.hyracks.bootstrap.CCApplication.start(CCApplication.java:137)
	at org.apache.hyracks.control.cc.ClusterControllerService.startApplication(ClusterControllerService.java:235)
	at org.apache.hyracks.control.cc.ClusterControllerService.start(ClusterControllerService.java:221)
	at org.apache.hyracks.control.cc.CCDriver.main(CCDriver.java:59)
	at java.base/jdk.internal.reflect.NativeMethodAccessorImpl.invoke0(Native Method)
	at java.base/jdk.internal.reflect.NativeMethodAccessorImpl.invoke(NativeMethodAccessorImpl.java:62)
	at java.base/jdk.internal.reflect.DelegatingMethodAccessorImpl.invoke(DelegatingMethodAccessorImpl.java:43)
	at java.base/java.lang.reflect.Method.invoke(Method.java:566)
	at org.codehaus.mojo.appassembler.booter.AppassemblerBooter.executeMain(AppassemblerBooter.java:238)
	at org.codehaus.mojo.appassembler.booter.AppassemblerBooter.main(AppassemblerBooter.java:70)

2020-12-06 15:44:28,446 main ERROR Null object returned for RollingFile in Appenders.
2020-12-06 15:44:28,447 main ERROR Unable to locate appender "default" for logger config "root"
WARNING: An illegal reflective access operation has occurred
WARNING: Illegal reflective access by org.apache.hyracks.util.ExitUtil$ExitThread (file:/F:/study/AU 20/cse414/hw6/asterix-server-0.9.4.1-binary-assembly/bin/../repo/hyracks-util-0.3.4-SNAPSHOT.jar) to field java.lang.ApplicationShutdownHooks.hooks
WARNING: Please consider reporting this to the maintainers of org.apache.hyracks.util.ExitUtil$ExitThread
WARNING: Use --illegal-access=warn to enable warnings of further illegal reflective access operations
WARNING: All illegal access operations will be denied in a future release
-------------------------- 
2020/12/06 周日 16:11:06.64 
-------------------------- 
2020-12-06 16:11:08,659 main ERROR RollingFileManager (logs\cc.log) java.io.FileNotFoundException: logs\cc.log (另一个程序正在使用此文件，进程无法访问。) java.io.FileNotFoundException: logs\cc.log (另一个程序正在使用此文件，进程无法访问。)
	at java.base/java.io.FileOutputStream.open0(Native Method)
	at java.base/java.io.FileOutputStream.open(FileOutputStream.java:298)
	at java.base/java.io.FileOutputStream.<init>(FileOutputStream.java:237)
	at java.base/java.io.FileOutputStream.<init>(FileOutputStream.java:158)
	at org.apache.logging.log4j.core.appender.rolling.RollingFileManager$RollingFileManagerFactory.createManager(RollingFileManager.java:640)
	at org.apache.logging.log4j.core.appender.rolling.RollingFileManager$RollingFileManagerFactory.createManager(RollingFileManager.java:608)
	at org.apache.logging.log4j.core.appender.AbstractManager.getManager(AbstractManager.java:113)
	at org.apache.logging.log4j.core.appender.OutputStreamManager.getManager(OutputStreamManager.java:114)
	at org.apache.logging.log4j.core.appender.rolling.RollingFileManager.getFileManager(RollingFileManager.java:188)
	at org.apache.logging.log4j.core.appender.RollingFileAppender$Builder.build(RollingFileAppender.java:145)
	at org.apache.logging.log4j.core.appender.RollingFileAppender$Builder.build(RollingFileAppender.java:61)
	at org.apache.logging.log4j.core.config.plugins.util.PluginBuilder.build(PluginBuilder.java:123)
	at org.apache.logging.log4j.core.config.AbstractConfiguration.createPluginObject(AbstractConfiguration.java:959)
	at org.apache.logging.log4j.core.config.AbstractConfiguration.createConfiguration(AbstractConfiguration.java:899)
	at org.apache.logging.log4j.core.config.AbstractConfiguration.createConfiguration(AbstractConfiguration.java:891)
	at org.apache.logging.log4j.core.config.AbstractConfiguration.doConfigure(AbstractConfiguration.java:514)
	at org.apache.logging.log4j.core.config.AbstractConfiguration.initialize(AbstractConfiguration.java:238)
	at org.apache.logging.log4j.core.config.builder.impl.DefaultConfigurationBuilder.build(DefaultConfigurationBuilder.java:204)
	at org.apache.logging.log4j.core.config.builder.impl.DefaultConfigurationBuilder.build(DefaultConfigurationBuilder.java:161)
	at org.apache.logging.log4j.core.config.builder.impl.DefaultConfigurationBuilder.build(DefaultConfigurationBuilder.java:57)
	at org.apache.hyracks.control.cc.CCLogConfigurationFactory.createConfiguration(CCLogConfigurationFactory.java:71)
	at org.apache.hyracks.control.cc.CCLogConfigurationFactory.getConfiguration(CCLogConfigurationFactory.java:83)
	at org.apache.hyracks.control.cc.CCLogConfigurationFactory.getConfiguration(CCLogConfigurationFactory.java:76)
	at org.apache.hyracks.control.cc.CCDriver.main(CCDriver.java:57)
	at java.base/jdk.internal.reflect.NativeMethodAccessorImpl.invoke0(Native Method)
	at java.base/jdk.internal.reflect.NativeMethodAccessorImpl.invoke(NativeMethodAccessorImpl.java:62)
	at java.base/jdk.internal.reflect.DelegatingMethodAccessorImpl.invoke(DelegatingMethodAccessorImpl.java:43)
	at java.base/java.lang.reflect.Method.invoke(Method.java:566)
	at org.codehaus.mojo.appassembler.booter.AppassemblerBooter.executeMain(AppassemblerBooter.java:238)
	at org.codehaus.mojo.appassembler.booter.AppassemblerBooter.main(AppassemblerBooter.java:70)

2020-12-06 16:11:08,666 main ERROR Could not create plugin of type class org.apache.logging.log4j.core.appender.RollingFileAppender for element RollingFile: java.lang.IllegalStateException: ManagerFactory [org.apache.logging.log4j.core.appender.rolling.RollingFileManager$RollingFileManagerFactory@19648c40] unable to create manager for [logs\cc.log] with data [org.apache.logging.log4j.core.appender.rolling.RollingFileManager$FactoryData@12bd8a64[pattern=logs\cc-%d{MM-dd-yy}.log.gz, append=true, bufferedIO=true, bufferSize=8192, policy=CompositeTriggeringPolicy(policies=[CronTriggeringPolicy(schedule=0 0 0 * * ?), SizeBasedTriggeringPolicy(size=52428800)]), strategy=DefaultRolloverStrategy(min=1, max=7, useMax=true), advertiseURI=null, layout=%d{HH:mm:ss.SSS} [%t] %-5level %logger{36} - %msg%n, filePermissions=null, fileOwner=null]] java.lang.IllegalStateException: ManagerFactory [org.apache.logging.log4j.core.appender.rolling.RollingFileManager$RollingFileManagerFactory@19648c40] unable to create manager for [logs\cc.log] with data [org.apache.logging.log4j.core.appender.rolling.RollingFileManager$FactoryData@12bd8a64[pattern=logs\cc-%d{MM-dd-yy}.log.gz, append=true, bufferedIO=true, bufferSize=8192, policy=CompositeTriggeringPolicy(policies=[CronTriggeringPolicy(schedule=0 0 0 * * ?), SizeBasedTriggeringPolicy(size=52428800)]), strategy=DefaultRolloverStrategy(min=1, max=7, useMax=true), advertiseURI=null, layout=%d{HH:mm:ss.SSS} [%t] %-5level %logger{36} - %msg%n, filePermissions=null, fileOwner=null]]
	at org.apache.logging.log4j.core.appender.AbstractManager.getManager(AbstractManager.java:115)
	at org.apache.logging.log4j.core.appender.OutputStreamManager.getManager(OutputStreamManager.java:114)
	at org.apache.logging.log4j.core.appender.rolling.RollingFileManager.getFileManager(RollingFileManager.java:188)
	at org.apache.logging.log4j.core.appender.RollingFileAppender$Builder.build(RollingFileAppender.java:145)
	at org.apache.logging.log4j.core.appender.RollingFileAppender$Builder.build(RollingFileAppender.java:61)
	at org.apache.logging.log4j.core.config.plugins.util.PluginBuilder.build(PluginBuilder.java:123)
	at org.apache.logging.log4j.core.config.AbstractConfiguration.createPluginObject(AbstractConfiguration.java:959)
	at org.apache.logging.log4j.core.config.AbstractConfiguration.createConfiguration(AbstractConfiguration.java:899)
	at org.apache.logging.log4j.core.config.AbstractConfiguration.createConfiguration(AbstractConfiguration.java:891)
	at org.apache.logging.log4j.core.config.AbstractConfiguration.doConfigure(AbstractConfiguration.java:514)
	at org.apache.logging.log4j.core.config.AbstractConfiguration.initialize(AbstractConfiguration.java:238)
	at org.apache.logging.log4j.core.config.builder.impl.DefaultConfigurationBuilder.build(DefaultConfigurationBuilder.java:204)
	at org.apache.logging.log4j.core.config.builder.impl.DefaultConfigurationBuilder.build(DefaultConfigurationBuilder.java:161)
	at org.apache.logging.log4j.core.config.builder.impl.DefaultConfigurationBuilder.build(DefaultConfigurationBuilder.java:57)
	at org.apache.hyracks.control.cc.CCLogConfigurationFactory.createConfiguration(CCLogConfigurationFactory.java:71)
	at org.apache.hyracks.control.cc.CCLogConfigurationFactory.getConfiguration(CCLogConfigurationFactory.java:83)
	at org.apache.hyracks.control.cc.CCLogConfigurationFactory.getConfiguration(CCLogConfigurationFactory.java:76)
	at org.apache.hyracks.control.cc.CCDriver.main(CCDriver.java:57)
	at java.base/jdk.internal.reflect.NativeMethodAccessorImpl.invoke0(Native Method)
	at java.base/jdk.internal.reflect.NativeMethodAccessorImpl.invoke(NativeMethodAccessorImpl.java:62)
	at java.base/jdk.internal.reflect.DelegatingMethodAccessorImpl.invoke(DelegatingMethodAccessorImpl.java:43)
	at java.base/java.lang.reflect.Method.invoke(Method.java:566)
	at org.codehaus.mojo.appassembler.booter.AppassemblerBooter.executeMain(AppassemblerBooter.java:238)
	at org.codehaus.mojo.appassembler.booter.AppassemblerBooter.main(AppassemblerBooter.java:70)

2020-12-06 16:11:08,670 main ERROR Unable to invoke factory method in class org.apache.logging.log4j.core.appender.RollingFileAppender for element RollingFile: java.lang.IllegalStateException: No factory method found for class org.apache.logging.log4j.core.appender.RollingFileAppender java.lang.IllegalStateException: No factory method found for class org.apache.logging.log4j.core.appender.RollingFileAppender
	at org.apache.logging.log4j.core.config.plugins.util.PluginBuilder.findFactoryMethod(PluginBuilder.java:235)
	at org.apache.logging.log4j.core.config.plugins.util.PluginBuilder.build(PluginBuilder.java:135)
	at org.apache.logging.log4j.core.config.AbstractConfiguration.createPluginObject(AbstractConfiguration.java:959)
	at org.apache.logging.log4j.core.config.AbstractConfiguration.createConfiguration(AbstractConfiguration.java:899)
	at org.apache.logging.log4j.core.config.AbstractConfiguration.createConfiguration(AbstractConfiguration.java:891)
	at org.apache.logging.log4j.core.config.AbstractConfiguration.doConfigure(AbstractConfiguration.java:514)
	at org.apache.logging.log4j.core.config.AbstractConfiguration.initialize(AbstractConfiguration.java:238)
	at org.apache.logging.log4j.core.config.builder.impl.DefaultConfigurationBuilder.build(DefaultConfigurationBuilder.java:204)
	at org.apache.logging.log4j.core.config.builder.impl.DefaultConfigurationBuilder.build(DefaultConfigurationBuilder.java:161)
	at org.apache.logging.log4j.core.config.builder.impl.DefaultConfigurationBuilder.build(DefaultConfigurationBuilder.java:57)
	at org.apache.hyracks.control.cc.CCLogConfigurationFactory.createConfiguration(CCLogConfigurationFactory.java:71)
	at org.apache.hyracks.control.cc.CCLogConfigurationFactory.getConfiguration(CCLogConfigurationFactory.java:83)
	at org.apache.hyracks.control.cc.CCLogConfigurationFactory.getConfiguration(CCLogConfigurationFactory.java:76)
	at org.apache.hyracks.control.cc.CCDriver.main(CCDriver.java:57)
	at java.base/jdk.internal.reflect.NativeMethodAccessorImpl.invoke0(Native Method)
	at java.base/jdk.internal.reflect.NativeMethodAccessorImpl.invoke(NativeMethodAccessorImpl.java:62)
	at java.base/jdk.internal.reflect.DelegatingMethodAccessorImpl.invoke(DelegatingMethodAccessorImpl.java:43)
	at java.base/java.lang.reflect.Method.invoke(Method.java:566)
	at org.codehaus.mojo.appassembler.booter.AppassemblerBooter.executeMain(AppassemblerBooter.java:238)
	at org.codehaus.mojo.appassembler.booter.AppassemblerBooter.main(AppassemblerBooter.java:70)

2020-12-06 16:11:08,693 main ERROR Null object returned for RollingFile in Appenders.
2020-12-06 16:11:08,693 main ERROR Unable to locate appender "default" for logger config "root"
log4j:WARN No appenders could be found for logger (io.netty.util.internal.logging.InternalLoggerFactory).
log4j:WARN Please initialize the log4j system properly.
log4j:WARN See http://logging.apache.org/log4j/1.2/faq.html#noconfig for more info.
2020-12-06 16:11:10,311 main ERROR RollingFileManager (logs\cc.log) java.io.FileNotFoundException: logs\cc.log (另一个程序正在使用此文件，进程无法访问。) java.io.FileNotFoundException: logs\cc.log (另一个程序正在使用此文件，进程无法访问。)
	at java.base/java.io.FileOutputStream.open0(Native Method)
	at java.base/java.io.FileOutputStream.open(FileOutputStream.java:298)
	at java.base/java.io.FileOutputStream.<init>(FileOutputStream.java:237)
	at java.base/java.io.FileOutputStream.<init>(FileOutputStream.java:158)
	at org.apache.logging.log4j.core.appender.rolling.RollingFileManager$RollingFileManagerFactory.createManager(RollingFileManager.java:640)
	at org.apache.logging.log4j.core.appender.rolling.RollingFileManager$RollingFileManagerFactory.createManager(RollingFileManager.java:608)
	at org.apache.logging.log4j.core.appender.AbstractManager.getManager(AbstractManager.java:113)
	at org.apache.logging.log4j.core.appender.OutputStreamManager.getManager(OutputStreamManager.java:114)
	at org.apache.logging.log4j.core.appender.rolling.RollingFileManager.getFileManager(RollingFileManager.java:188)
	at org.apache.logging.log4j.core.appender.RollingFileAppender$Builder.build(RollingFileAppender.java:145)
	at org.apache.logging.log4j.core.appender.RollingFileAppender$Builder.build(RollingFileAppender.java:61)
	at org.apache.logging.log4j.core.config.plugins.util.PluginBuilder.build(PluginBuilder.java:123)
	at org.apache.logging.log4j.core.config.AbstractConfiguration.createPluginObject(AbstractConfiguration.java:959)
	at org.apache.logging.log4j.core.config.AbstractConfiguration.createConfiguration(AbstractConfiguration.java:899)
	at org.apache.logging.log4j.core.config.AbstractConfiguration.createConfiguration(AbstractConfiguration.java:891)
	at org.apache.logging.log4j.core.config.AbstractConfiguration.doConfigure(AbstractConfiguration.java:514)
	at org.apache.logging.log4j.core.config.AbstractConfiguration.initialize(AbstractConfiguration.java:238)
	at org.apache.logging.log4j.core.config.builder.impl.DefaultConfigurationBuilder.build(DefaultConfigurationBuilder.java:204)
	at org.apache.logging.log4j.core.config.builder.impl.DefaultConfigurationBuilder.build(DefaultConfigurationBuilder.java:161)
	at org.apache.logging.log4j.core.config.builder.impl.DefaultConfigurationBuilder.build(DefaultConfigurationBuilder.java:57)
	at org.apache.hyracks.control.cc.CCLogConfigurationFactory.createConfiguration(CCLogConfigurationFactory.java:71)
	at org.apache.hyracks.control.cc.CCLogConfigurationFactory.getConfiguration(CCLogConfigurationFactory.java:83)
	at org.apache.logging.log4j.core.config.ConfigurationFactory.getConfiguration(ConfigurationFactory.java:260)
	at org.apache.logging.log4j.core.LoggerContext.reconfigure(LoggerContext.java:615)
	at org.apache.logging.log4j.core.LoggerContext.reconfigure(LoggerContext.java:636)
	at org.apache.logging.log4j.core.LoggerContext.start(LoggerContext.java:231)
	at org.apache.logging.log4j.core.impl.Log4jContextFactory.getContext(Log4jContextFactory.java:153)
	at org.apache.logging.log4j.core.impl.Log4jContextFactory.getContext(Log4jContextFactory.java:45)
	at org.apache.logging.log4j.LogManager.getContext(LogManager.java:155)
	at org.apache.logging.log4j.core.LoggerContext.getContext(LoggerContext.java:171)
	at org.apache.hyracks.util.LoggingConfigUtil.defaultIfMissing(LoggingConfigUtil.java:37)
	at org.apache.hyracks.control.cc.BaseCCApplication.configureLoggingLevel(BaseCCApplication.java:87)
	at org.apache.asterix.hyracks.bootstrap.CCApplication.configureLoggingLevel(CCApplication.java:200)
	at org.apache.asterix.hyracks.bootstrap.CCApplication.start(CCApplication.java:137)
	at org.apache.hyracks.control.cc.ClusterControllerService.startApplication(ClusterControllerService.java:235)
	at org.apache.hyracks.control.cc.ClusterControllerService.start(ClusterControllerService.java:221)
	at org.apache.hyracks.control.cc.CCDriver.main(CCDriver.java:59)
	at java.base/jdk.internal.reflect.NativeMethodAccessorImpl.invoke0(Native Method)
	at java.base/jdk.internal.reflect.NativeMethodAccessorImpl.invoke(NativeMethodAccessorImpl.java:62)
	at java.base/jdk.internal.reflect.DelegatingMethodAccessorImpl.invoke(DelegatingMethodAccessorImpl.java:43)
	at java.base/java.lang.reflect.Method.invoke(Method.java:566)
	at org.codehaus.mojo.appassembler.booter.AppassemblerBooter.executeMain(AppassemblerBooter.java:238)
	at org.codehaus.mojo.appassembler.booter.AppassemblerBooter.main(AppassemblerBooter.java:70)

2020-12-06 16:11:10,314 main ERROR Could not create plugin of type class org.apache.logging.log4j.core.appender.RollingFileAppender for element RollingFile: java.lang.IllegalStateException: ManagerFactory [org.apache.logging.log4j.core.appender.rolling.RollingFileManager$RollingFileManagerFactory@19648c40] unable to create manager for [logs\cc.log] with data [org.apache.logging.log4j.core.appender.rolling.RollingFileManager$FactoryData@41a6d121[pattern=logs\cc-%d{MM-dd-yy}.log.gz, append=true, bufferedIO=true, bufferSize=8192, policy=CompositeTriggeringPolicy(policies=[CronTriggeringPolicy(schedule=0 0 0 * * ?), SizeBasedTriggeringPolicy(size=52428800)]), strategy=DefaultRolloverStrategy(min=1, max=7, useMax=true), advertiseURI=null, layout=%d{HH:mm:ss.SSS} [%t] %-5level %logger{36} - %msg%n, filePermissions=null, fileOwner=null]] java.lang.IllegalStateException: ManagerFactory [org.apache.logging.log4j.core.appender.rolling.RollingFileManager$RollingFileManagerFactory@19648c40] unable to create manager for [logs\cc.log] with data [org.apache.logging.log4j.core.appender.rolling.RollingFileManager$FactoryData@41a6d121[pattern=logs\cc-%d{MM-dd-yy}.log.gz, append=true, bufferedIO=true, bufferSize=8192, policy=CompositeTriggeringPolicy(policies=[CronTriggeringPolicy(schedule=0 0 0 * * ?), SizeBasedTriggeringPolicy(size=52428800)]), strategy=DefaultRolloverStrategy(min=1, max=7, useMax=true), advertiseURI=null, layout=%d{HH:mm:ss.SSS} [%t] %-5level %logger{36} - %msg%n, filePermissions=null, fileOwner=null]]
	at org.apache.logging.log4j.core.appender.AbstractManager.getManager(AbstractManager.java:115)
	at org.apache.logging.log4j.core.appender.OutputStreamManager.getManager(OutputStreamManager.java:114)
	at org.apache.logging.log4j.core.appender.rolling.RollingFileManager.getFileManager(RollingFileManager.java:188)
	at org.apache.logging.log4j.core.appender.RollingFileAppender$Builder.build(RollingFileAppender.java:145)
	at org.apache.logging.log4j.core.appender.RollingFileAppender$Builder.build(RollingFileAppender.java:61)
	at org.apache.logging.log4j.core.config.plugins.util.PluginBuilder.build(PluginBuilder.java:123)
	at org.apache.logging.log4j.core.config.AbstractConfiguration.createPluginObject(AbstractConfiguration.java:959)
	at org.apache.logging.log4j.core.config.AbstractConfiguration.createConfiguration(AbstractConfiguration.java:899)
	at org.apache.logging.log4j.core.config.AbstractConfiguration.createConfiguration(AbstractConfiguration.java:891)
	at org.apache.logging.log4j.core.config.AbstractConfiguration.doConfigure(AbstractConfiguration.java:514)
	at org.apache.logging.log4j.core.config.AbstractConfiguration.initialize(AbstractConfiguration.java:238)
	at org.apache.logging.log4j.core.config.builder.impl.DefaultConfigurationBuilder.build(DefaultConfigurationBuilder.java:204)
	at org.apache.logging.log4j.core.config.builder.impl.DefaultConfigurationBuilder.build(DefaultConfigurationBuilder.java:161)
	at org.apache.logging.log4j.core.config.builder.impl.DefaultConfigurationBuilder.build(DefaultConfigurationBuilder.java:57)
	at org.apache.hyracks.control.cc.CCLogConfigurationFactory.createConfiguration(CCLogConfigurationFactory.java:71)
	at org.apache.hyracks.control.cc.CCLogConfigurationFactory.getConfiguration(CCLogConfigurationFactory.java:83)
	at org.apache.logging.log4j.core.config.ConfigurationFactory.getConfiguration(ConfigurationFactory.java:260)
	at org.apache.logging.log4j.core.LoggerContext.reconfigure(LoggerContext.java:615)
	at org.apache.logging.log4j.core.LoggerContext.reconfigure(LoggerContext.java:636)
	at org.apache.logging.log4j.core.LoggerContext.start(LoggerContext.java:231)
	at org.apache.logging.log4j.core.impl.Log4jContextFactory.getContext(Log4jContextFactory.java:153)
	at org.apache.logging.log4j.core.impl.Log4jContextFactory.getContext(Log4jContextFactory.java:45)
	at org.apache.logging.log4j.LogManager.getContext(LogManager.java:155)
	at org.apache.logging.log4j.core.LoggerContext.getContext(LoggerContext.java:171)
	at org.apache.hyracks.util.LoggingConfigUtil.defaultIfMissing(LoggingConfigUtil.java:37)
	at org.apache.hyracks.control.cc.BaseCCApplication.configureLoggingLevel(BaseCCApplication.java:87)
	at org.apache.asterix.hyracks.bootstrap.CCApplication.configureLoggingLevel(CCApplication.java:200)
	at org.apache.asterix.hyracks.bootstrap.CCApplication.start(CCApplication.java:137)
	at org.apache.hyracks.control.cc.ClusterControllerService.startApplication(ClusterControllerService.java:235)
	at org.apache.hyracks.control.cc.ClusterControllerService.start(ClusterControllerService.java:221)
	at org.apache.hyracks.control.cc.CCDriver.main(CCDriver.java:59)
	at java.base/jdk.internal.reflect.NativeMethodAccessorImpl.invoke0(Native Method)
	at java.base/jdk.internal.reflect.NativeMethodAccessorImpl.invoke(NativeMethodAccessorImpl.java:62)
	at java.base/jdk.internal.reflect.DelegatingMethodAccessorImpl.invoke(DelegatingMethodAccessorImpl.java:43)
	at java.base/java.lang.reflect.Method.invoke(Method.java:566)
	at org.codehaus.mojo.appassembler.booter.AppassemblerBooter.executeMain(AppassemblerBooter.java:238)
	at org.codehaus.mojo.appassembler.booter.AppassemblerBooter.main(AppassemblerBooter.java:70)

2020-12-06 16:11:10,316 main ERROR Unable to invoke factory method in class org.apache.logging.log4j.core.appender.RollingFileAppender for element RollingFile: java.lang.IllegalStateException: No factory method found for class org.apache.logging.log4j.core.appender.RollingFileAppender java.lang.IllegalStateException: No factory method found for class org.apache.logging.log4j.core.appender.RollingFileAppender
	at org.apache.logging.log4j.core.config.plugins.util.PluginBuilder.findFactoryMethod(PluginBuilder.java:235)
	at org.apache.logging.log4j.core.config.plugins.util.PluginBuilder.build(PluginBuilder.java:135)
	at org.apache.logging.log4j.core.config.AbstractConfiguration.createPluginObject(AbstractConfiguration.java:959)
	at org.apache.logging.log4j.core.config.AbstractConfiguration.createConfiguration(AbstractConfiguration.java:899)
	at org.apache.logging.log4j.core.config.AbstractConfiguration.createConfiguration(AbstractConfiguration.java:891)
	at org.apache.logging.log4j.core.config.AbstractConfiguration.doConfigure(AbstractConfiguration.java:514)
	at org.apache.logging.log4j.core.config.AbstractConfiguration.initialize(AbstractConfiguration.java:238)
	at org.apache.logging.log4j.core.config.builder.impl.DefaultConfigurationBuilder.build(DefaultConfigurationBuilder.java:204)
	at org.apache.logging.log4j.core.config.builder.impl.DefaultConfigurationBuilder.build(DefaultConfigurationBuilder.java:161)
	at org.apache.logging.log4j.core.config.builder.impl.DefaultConfigurationBuilder.build(DefaultConfigurationBuilder.java:57)
	at org.apache.hyracks.control.cc.CCLogConfigurationFactory.createConfiguration(CCLogConfigurationFactory.java:71)
	at org.apache.hyracks.control.cc.CCLogConfigurationFactory.getConfiguration(CCLogConfigurationFactory.java:83)
	at org.apache.logging.log4j.core.config.ConfigurationFactory.getConfiguration(ConfigurationFactory.java:260)
	at org.apache.logging.log4j.core.LoggerContext.reconfigure(LoggerContext.java:615)
	at org.apache.logging.log4j.core.LoggerContext.reconfigure(LoggerContext.java:636)
	at org.apache.logging.log4j.core.LoggerContext.start(LoggerContext.java:231)
	at org.apache.logging.log4j.core.impl.Log4jContextFactory.getContext(Log4jContextFactory.java:153)
	at org.apache.logging.log4j.core.impl.Log4jContextFactory.getContext(Log4jContextFactory.java:45)
	at org.apache.logging.log4j.LogManager.getContext(LogManager.java:155)
	at org.apache.logging.log4j.core.LoggerContext.getContext(LoggerContext.java:171)
	at org.apache.hyracks.util.LoggingConfigUtil.defaultIfMissing(LoggingConfigUtil.java:37)
	at org.apache.hyracks.control.cc.BaseCCApplication.configureLoggingLevel(BaseCCApplication.java:87)
	at org.apache.asterix.hyracks.bootstrap.CCApplication.configureLoggingLevel(CCApplication.java:200)
	at org.apache.asterix.hyracks.bootstrap.CCApplication.start(CCApplication.java:137)
	at org.apache.hyracks.control.cc.ClusterControllerService.startApplication(ClusterControllerService.java:235)
	at org.apache.hyracks.control.cc.ClusterControllerService.start(ClusterControllerService.java:221)
	at org.apache.hyracks.control.cc.CCDriver.main(CCDriver.java:59)
	at java.base/jdk.internal.reflect.NativeMethodAccessorImpl.invoke0(Native Method)
	at java.base/jdk.internal.reflect.NativeMethodAccessorImpl.invoke(NativeMethodAccessorImpl.java:62)
	at java.base/jdk.internal.reflect.DelegatingMethodAccessorImpl.invoke(DelegatingMethodAccessorImpl.java:43)
	at java.base/java.lang.reflect.Method.invoke(Method.java:566)
	at org.codehaus.mojo.appassembler.booter.AppassemblerBooter.executeMain(AppassemblerBooter.java:238)
	at org.codehaus.mojo.appassembler.booter.AppassemblerBooter.main(AppassemblerBooter.java:70)

2020-12-06 16:11:10,323 main ERROR Null object returned for RollingFile in Appenders.
2020-12-06 16:11:10,324 main ERROR Unable to locate appender "default" for logger config "root"
^C